2025-10-20 14:19:38,086 [INFO] Activator:176 - 


2025-10-20 14:19:38,096 [INFO] Activator:177 - !SESSION log4j initialized
2025-10-20 14:19:40,157 [INFO] LogOutputStream:77 - [STDOUT_REDIRECT] 
2025-10-20 14:19:51,723 [INFO] ApplicationProperties:184 - Using Application install path: C:\ST\STM32CubeIDE_1.15.1\STM32CubeIDE\plugins\com.st.stm32cube.common.mx_6.11.1.202404110753
2025-10-20 14:19:51,736 [INFO] DbMcusXml:78 - Set database path to: C:\ST\STM32CubeIDE_1.15.1\STM32CubeIDE\plugins\com.st.stm32cube.common.mx_6.11.1.202404110753\\db\/mcu/
2025-10-20 14:19:51,736 [INFO] ApiDb:274 - Set plugin database path to: C:\ST\STM32CubeIDE_1.15.1\STM32CubeIDE\plugins\com.st.stm32cube.common.mx_6.11.1.202404110753\\db\/plugins/boardmanager/
2025-10-20 14:19:51,742 [WARN] ApiDb:259 - Overriding images path with different value:  => C:\ST\STM32CubeIDE_1.15.1\STM32CubeIDE\plugins\com.st.stm32cube.common.mx_6.11.1.202404110753\\db\/plugins/mcufinder/images/
2025-10-20 14:19:51,747 [INFO] ApiDb:250 - Set database path to: C:\Users\1735593\.stmcufinder\plugins\mcufinder//mcu/
2025-10-20 14:19:51,748 [INFO] DbMcusAds:125 - Set database path to: C:\Users\1735593\.stmcufinder\plugins\mcufinder//mcu/
2025-10-20 14:19:51,751 [INFO] CrossReferenceDbSqlite:203 - Set database path to: C:\Users\1735593\.stmcufinder\plugins\mcufinder//mcu/cs/
2025-10-20 14:19:51,850 [INFO] RulesReader:64 - Compatibility file has been processed (297 Rules)
2025-10-20 14:19:51,925 [INFO] DbMcusXml:78 - Set database path to: C:\ST\STM32CubeIDE_1.15.1\STM32CubeIDE\plugins\com.st.stm32cube.common.mx_6.11.1.202404110753\\db\/mcu/
2025-10-20 14:19:51,925 [INFO] ApiDb:274 - Set plugin database path to: C:\ST\STM32CubeIDE_1.15.1\STM32CubeIDE\plugins\com.st.stm32cube.common.mx_6.11.1.202404110753\\db\/plugins/boardmanager/
2025-10-20 14:19:51,925 [INFO] ApiDb:261 - Set plugin images path to: C:\ST\STM32CubeIDE_1.15.1\STM32CubeIDE\plugins\com.st.stm32cube.common.mx_6.11.1.202404110753\\db\/plugins/mcufinder/images/
2025-10-20 14:19:51,925 [WARN] DbFile:41 - Overriding database path with different value: C:\Users\1735593\.stmcufinder\plugins\mcufinder/ => C:\Users\1735593\.stmcufinder\plugins\mcufinder
2025-10-20 14:19:51,925 [INFO] ApiDb:250 - Set database path to: C:\Users\1735593\.stmcufinder\plugins\mcufinder//mcu/
2025-10-20 14:19:51,926 [WARN] DbFile:41 - Overriding database path with different value: C:\Users\1735593\.stmcufinder\plugins\mcufinder/ => C:\Users\1735593\.stmcufinder\plugins\mcufinder
2025-10-20 14:19:51,926 [INFO] DbMcusAds:125 - Set database path to: C:\Users\1735593\.stmcufinder\plugins\mcufinder//mcu/
2025-10-20 14:19:51,926 [WARN] DbFile:41 - Overriding database path with different value: C:\Users\1735593\.stmcufinder\plugins\mcufinder/ => C:\Users\1735593\.stmcufinder\plugins\mcufinder
2025-10-20 14:19:51,926 [WARN] DbFile:41 - Overriding database path with different value: C:\Users\1735593\.stmcufinder\plugins\mcufinder/ => C:\Users\1735593\.stmcufinder\plugins\mcufinder
2025-10-20 14:19:51,926 [INFO] CrossReferenceDbSqlite:203 - Set database path to: C:\Users\1735593\.stmcufinder\plugins\mcufinder//mcu/cs/
2025-10-20 14:19:51,986 [INFO] MainPanel:264 - HeapMemory: 268435456
2025-10-20 14:19:52,047 [INFO] DbMcusXml:78 - Set database path to: C:\ST\STM32CubeIDE_1.15.1\STM32CubeIDE\plugins\com.st.stm32cube.common.mx_6.11.1.202404110753\\db\/mcu/
2025-10-20 14:19:52,047 [INFO] ApiDb:274 - Set plugin database path to: C:\ST\STM32CubeIDE_1.15.1\STM32CubeIDE\plugins\com.st.stm32cube.common.mx_6.11.1.202404110753\\db\/plugins/boardmanager/
2025-10-20 14:19:52,047 [INFO] ApiDb:261 - Set plugin images path to: C:\ST\STM32CubeIDE_1.15.1\STM32CubeIDE\plugins\com.st.stm32cube.common.mx_6.11.1.202404110753\\db\/plugins/mcufinder/images/
2025-10-20 14:19:52,047 [WARN] DbFile:41 - Overriding database path with different value: C:\Users\1735593\.stmcufinder\plugins\mcufinder/ => C:\Users\1735593\.stmcufinder\plugins\mcufinder
2025-10-20 14:19:52,048 [INFO] ApiDb:250 - Set database path to: C:\Users\1735593\.stmcufinder\plugins\mcufinder//mcu/
2025-10-20 14:19:52,048 [WARN] DbFile:41 - Overriding database path with different value: C:\Users\1735593\.stmcufinder\plugins\mcufinder/ => C:\Users\1735593\.stmcufinder\plugins\mcufinder
2025-10-20 14:19:52,048 [INFO] DbMcusAds:125 - Set database path to: C:\Users\1735593\.stmcufinder\plugins\mcufinder//mcu/
2025-10-20 14:19:52,048 [WARN] DbFile:41 - Overriding database path with different value: C:\Users\1735593\.stmcufinder\plugins\mcufinder/ => C:\Users\1735593\.stmcufinder\plugins\mcufinder
2025-10-20 14:19:52,048 [WARN] DbFile:41 - Overriding database path with different value: C:\Users\1735593\.stmcufinder\plugins\mcufinder/ => C:\Users\1735593\.stmcufinder\plugins\mcufinder
2025-10-20 14:19:52,048 [INFO] CrossReferenceDbSqlite:203 - Set database path to: C:\Users\1735593\.stmcufinder\plugins\mcufinder//mcu/cs/
2025-10-20 14:19:52,069 [INFO] ApplicationProperties:184 - Using Application install path: C:\ST\STM32CubeIDE_1.15.1\STM32CubeIDE\plugins\com.st.stm32cube.common.mx_6.11.1.202404110753
2025-10-20 14:19:52,071 [INFO] PluginManage:196 - Search for loadable plugins [exclusion list=, ]
2025-10-20 14:19:52,072 [INFO] PluginManage:310 - Check plugin analytics
2025-10-20 14:20:01,704 [INFO] AnalyticsPlugin:253 - Accepted Software Licenses: 
2025-10-20 14:20:01,705 [INFO] AnalyticsPlugin:255 - Accepted CMSIS Pack Licenses: 
2025-10-20 14:20:01,705 [INFO] AnalyticsPlugin:257 - Accepted Firmware Licenses: 
2025-10-20 14:20:01,707 [INFO] PluginManage:359 - Loaded plugin analytics (category:tool,tabindex:-1)
2025-10-20 14:20:01,707 [INFO] PluginManage:310 - Check plugin cadmodel
2025-10-20 14:20:01,711 [INFO] CADModel:105 - Init CAD model plugin
2025-10-20 14:20:01,711 [INFO] PluginManage:359 - Loaded plugin cadmodel (category:power,tabindex:5)
2025-10-20 14:20:01,711 [INFO] PluginManage:310 - Check plugin clock
2025-10-20 14:20:01,717 [INFO] PluginManage:359 - Loaded plugin clock (category:base,tabindex:2)
2025-10-20 14:20:01,717 [INFO] PluginManage:310 - Check plugin ddr
2025-10-20 14:20:01,719 [INFO] PluginManage:359 - Loaded plugin ddr (category:tool,tabindex:6)
2025-10-20 14:20:01,719 [INFO] PluginManage:310 - Check plugin filemanager
2025-10-20 14:20:01,832 [INFO] PluginManage:359 - Loaded plugin filemanager (category:base,tabindex:10)
2025-10-20 14:20:01,832 [INFO] PluginManage:310 - Check plugin ipmanager
2025-10-20 14:20:01,839 [INFO] PluginManage:359 - Loaded plugin ipmanager (category:base,tabindex:5)
2025-10-20 14:20:01,839 [INFO] PluginManage:310 - Check plugin lpbam
2025-10-20 14:20:01,847 [INFO] PluginManage:359 - Loaded plugin lpbam (category:base,tabindex:0)
2025-10-20 14:20:01,847 [INFO] PluginManage:310 - Check plugin memorymap
2025-10-20 14:20:01,858 [INFO] PluginManage:359 - Loaded plugin memorymap (category:base,tabindex:4)
2025-10-20 14:20:01,858 [INFO] PluginManage:310 - Check plugin pinoutandconfiguration
2025-10-20 14:20:01,864 [INFO] PluginManage:359 - Loaded plugin pinoutandconfiguration (category:base,tabindex:1)
2025-10-20 14:20:01,864 [INFO] PluginManage:310 - Check plugin pinoutconfig
2025-10-20 14:20:01,965 [WARN] SupportedApi:132 - Cannot load RTOS API schema: s4s-elt-must-match.1: The content of 'definitions' must match (annotation?, (simpleType | complexType)?, (unique | key | keyref)*)). A problem was found starting at: attribute.
2025-10-20 14:20:02,065 [INFO] PluginManage:359 - Loaded plugin pinoutconfig (category:base,tabindex:0)
2025-10-20 14:20:02,066 [INFO] PluginManage:310 - Check plugin power
2025-10-20 14:20:02,074 [INFO] PluginManage:359 - Loaded plugin power (category:power,tabindex:4)
2025-10-20 14:20:02,074 [INFO] PluginManage:310 - Check plugin projectmanager
2025-10-20 14:20:02,086 [INFO] PluginManage:359 - Loaded plugin projectmanager (category:projectmanager,tabindex:3)
2025-10-20 14:20:02,086 [INFO] PluginManage:310 - Check plugin thirdparty
2025-10-20 14:20:02,175 [WARN] IntegrityCheckThread:84 - waiting for thirdparty lock release [integrity check]
2025-10-20 14:20:02,175 [INFO] PluginManage:359 - Loaded plugin thirdparty (category:base,tabindex:-1)
2025-10-20 14:20:02,175 [INFO] IntegrityCheckThread:86 - entering critical section [integrity check]
2025-10-20 14:20:02,175 [INFO] PluginManage:310 - Check plugin tools
2025-10-20 14:20:02,176 [INFO] ThirdPartyUpdaterWithRetryManager:70 - Updater plugin not ready yet. [1/15]
2025-10-20 14:20:02,178 [INFO] PluginManage:359 - Loaded plugin tools (category:base,tabindex:7)
2025-10-20 14:20:02,178 [INFO] PluginManage:310 - Check plugin tutovideos
2025-10-20 14:20:02,327 [INFO] PluginManage:359 - Loaded plugin tutovideos (category:base,tabindex:-1)
2025-10-20 14:20:02,327 [INFO] PluginManage:310 - Check plugin updater
2025-10-20 14:20:02,334 [INFO] PluginManage:359 - Loaded plugin updater (category:base,tabindex:12)
2025-10-20 14:20:02,335 [INFO] PluginManage:310 - Check plugin userauth
2025-10-20 14:20:02,339 [INFO] UserAuth:114 - Init User Auth plugin
2025-10-20 14:20:02,339 [INFO] PluginManage:359 - Loaded plugin userauth (category:base,tabindex:14)
2025-10-20 14:20:02,340 [INFO] PluginManage:283 - PluginManage : Loaded plugins [17]
2025-10-20 14:20:02,541 [INFO] PinOutPanel:1561 - setPackage(No Configuration,No Configuration)
2025-10-20 14:20:02,607 [INFO] CADModel:165 - CPN selected for project level
2025-10-20 14:20:02,607 [INFO] CADModel:114 - Register for checkConnection events
2025-10-20 14:20:02,622 [INFO] IPUIPlugin:80 - create IPUIPlugin
2025-10-20 14:20:02,622 [INFO] PluginManager:220 - loadIPPluginJar : add adc
2025-10-20 14:20:02,625 [INFO] IPUIPlugin:80 - create IPUIPlugin
2025-10-20 14:20:02,625 [INFO] PluginManager:220 - loadIPPluginJar : add aes
2025-10-20 14:20:02,627 [INFO] IPUIPlugin:80 - create IPUIPlugin
2025-10-20 14:20:02,628 [INFO] PluginManager:220 - loadIPPluginJar : add can
2025-10-20 14:20:02,629 [INFO] IPUIPlugin:80 - create IPUIPlugin
2025-10-20 14:20:02,629 [INFO] PluginManager:220 - loadIPPluginJar : add comp
2025-10-20 14:20:02,631 [INFO] IPUIPlugin:80 - create IPUIPlugin
2025-10-20 14:20:02,632 [INFO] PluginManager:220 - loadIPPluginJar : add cryp
2025-10-20 14:20:02,634 [INFO] IPUIPlugin:80 - create IPUIPlugin
2025-10-20 14:20:02,634 [INFO] PluginManager:220 - loadIPPluginJar : add dfsdm
2025-10-20 14:20:02,639 [INFO] IPUIPlugin:80 - create IPUIPlugin
2025-10-20 14:20:02,640 [INFO] PluginManager:220 - loadIPPluginJar : add dma
2025-10-20 14:20:02,642 [INFO] IPUIPlugin:80 - create IPUIPlugin
2025-10-20 14:20:02,643 [INFO] PluginManager:220 - loadIPPluginJar : add dma3
2025-10-20 14:20:02,646 [INFO] IPUIPlugin:80 - create IPUIPlugin
2025-10-20 14:20:02,646 [INFO] PluginManager:220 - loadIPPluginJar : add extmemmanager
2025-10-20 14:20:02,647 [INFO] IPUIPlugin:80 - create IPUIPlugin
2025-10-20 14:20:02,648 [INFO] PluginManager:220 - loadIPPluginJar : add fatfs
2025-10-20 14:20:02,653 [INFO] IPUIPlugin:80 - create IPUIPlugin
2025-10-20 14:20:02,653 [INFO] PluginManager:220 - loadIPPluginJar : add fmc
2025-10-20 14:20:02,658 [INFO] IPUIPlugin:80 - create IPUIPlugin
2025-10-20 14:20:02,658 [INFO] PluginManager:220 - loadIPPluginJar : add freertos
2025-10-20 14:20:02,659 [INFO] IPUIPlugin:80 - create IPUIPlugin
2025-10-20 14:20:02,660 [INFO] PluginManager:220 - loadIPPluginJar : add genericplugin
2025-10-20 14:20:02,661 [INFO] IPUIPlugin:80 - create IPUIPlugin
2025-10-20 14:20:02,662 [INFO] PluginManager:220 - loadIPPluginJar : add gfxmmu
2025-10-20 14:20:02,666 [INFO] IPUIPlugin:80 - create IPUIPlugin
2025-10-20 14:20:02,666 [INFO] PluginManager:220 - loadIPPluginJar : add gic
2025-10-20 14:20:02,669 [INFO] IPUIPlugin:80 - create IPUIPlugin
2025-10-20 14:20:02,670 [INFO] PluginManager:220 - loadIPPluginJar : add gpio
2025-10-20 14:20:02,672 [INFO] IPUIPlugin:80 - create IPUIPlugin
2025-10-20 14:20:02,672 [INFO] PluginManager:220 - loadIPPluginJar : add gtzc
2025-10-20 14:20:02,674 [INFO] IPUIPlugin:80 - create IPUIPlugin
2025-10-20 14:20:02,674 [INFO] PluginManager:220 - loadIPPluginJar : add hash
2025-10-20 14:20:02,677 [INFO] IPUIPlugin:80 - create IPUIPlugin
2025-10-20 14:20:02,677 [INFO] PluginManager:220 - loadIPPluginJar : add i2c
2025-10-20 14:20:02,679 [INFO] IPUIPlugin:80 - create IPUIPlugin
2025-10-20 14:20:02,680 [INFO] PluginManager:220 - loadIPPluginJar : add i2s
2025-10-20 14:20:02,682 [INFO] IPUIPlugin:80 - create IPUIPlugin
2025-10-20 14:20:02,682 [INFO] PluginManager:220 - loadIPPluginJar : add i3c
2025-10-20 14:20:02,686 [INFO] IPUIPlugin:80 - create IPUIPlugin
2025-10-20 14:20:02,686 [INFO] PluginManager:220 - loadIPPluginJar : add ipddr
2025-10-20 14:20:02,693 [INFO] IPUIPlugin:80 - create IPUIPlugin
2025-10-20 14:20:02,693 [INFO] PluginManager:220 - loadIPPluginJar : add linkedlist
2025-10-20 14:20:02,696 [INFO] IPUIPlugin:80 - create IPUIPlugin
2025-10-20 14:20:02,696 [INFO] PluginManager:220 - loadIPPluginJar : add lorawan
2025-10-20 14:20:02,697 [INFO] IPUIPlugin:80 - create IPUIPlugin
2025-10-20 14:20:02,697 [INFO] PluginManager:220 - loadIPPluginJar : add ltdc
2025-10-20 14:20:02,703 [INFO] IPUIPlugin:80 - create IPUIPlugin
2025-10-20 14:20:02,704 [INFO] PluginManager:220 - loadIPPluginJar : add mdma
2025-10-20 14:20:02,706 [INFO] IPUIPlugin:80 - create IPUIPlugin
2025-10-20 14:20:02,707 [INFO] PluginManager:220 - loadIPPluginJar : add nvic
2025-10-20 14:20:02,709 [INFO] IPUIPlugin:80 - create IPUIPlugin
2025-10-20 14:20:02,709 [INFO] PluginManager:220 - loadIPPluginJar : add opamp
2025-10-20 14:20:02,712 [INFO] IPUIPlugin:80 - create IPUIPlugin
2025-10-20 14:20:02,712 [INFO] PluginManager:220 - loadIPPluginJar : add openamp
2025-10-20 14:20:02,715 [INFO] IPUIPlugin:80 - create IPUIPlugin
2025-10-20 14:20:02,715 [INFO] PluginManager:220 - loadIPPluginJar : add pdm2pcm
2025-10-20 14:20:02,721 [INFO] IPUIPlugin:80 - create IPUIPlugin
2025-10-20 14:20:02,723 [INFO] PluginManager:220 - loadIPPluginJar : add plateformsettings
2025-10-20 14:20:02,724 [INFO] IPUIPlugin:80 - create IPUIPlugin
2025-10-20 14:20:02,725 [INFO] PluginManager:220 - loadIPPluginJar : add quadspi
2025-10-20 14:20:02,727 [INFO] IPUIPlugin:80 - create IPUIPlugin
2025-10-20 14:20:02,727 [INFO] PluginManager:220 - loadIPPluginJar : add resmgrutility
2025-10-20 14:20:02,729 [INFO] IPUIPlugin:80 - create IPUIPlugin
2025-10-20 14:20:02,730 [INFO] PluginManager:220 - loadIPPluginJar : add sai
2025-10-20 14:20:02,731 [INFO] IPUIPlugin:80 - create IPUIPlugin
2025-10-20 14:20:02,731 [INFO] PluginManager:220 - loadIPPluginJar : add spi
2025-10-20 14:20:02,735 [INFO] IPUIPlugin:80 - create IPUIPlugin
2025-10-20 14:20:02,735 [INFO] PluginManager:220 - loadIPPluginJar : add stm32_wpan
2025-10-20 14:20:02,737 [INFO] IPUIPlugin:80 - create IPUIPlugin
2025-10-20 14:20:02,737 [INFO] PluginManager:220 - loadIPPluginJar : add tim
2025-10-20 14:20:02,739 [INFO] IPUIPlugin:80 - create IPUIPlugin
2025-10-20 14:20:02,740 [INFO] PluginManager:220 - loadIPPluginJar : add touchsensing
2025-10-20 14:20:02,741 [INFO] IPUIPlugin:80 - create IPUIPlugin
2025-10-20 14:20:02,741 [INFO] PluginManager:220 - loadIPPluginJar : add tracer_emb
2025-10-20 14:20:02,743 [INFO] IPUIPlugin:80 - create IPUIPlugin
2025-10-20 14:20:02,743 [INFO] PluginManager:220 - loadIPPluginJar : add ts
2025-10-20 14:20:02,745 [INFO] IPUIPlugin:80 - create IPUIPlugin
2025-10-20 14:20:02,745 [INFO] PluginManager:220 - loadIPPluginJar : add tsc
2025-10-20 14:20:02,747 [INFO] IPUIPlugin:80 - create IPUIPlugin
2025-10-20 14:20:02,747 [INFO] PluginManager:220 - loadIPPluginJar : add ucpd
2025-10-20 14:20:02,750 [INFO] IPUIPlugin:80 - create IPUIPlugin
2025-10-20 14:20:02,750 [INFO] PluginManager:220 - loadIPPluginJar : add usart
2025-10-20 14:20:02,752 [INFO] IPUIPlugin:80 - create IPUIPlugin
2025-10-20 14:20:02,753 [INFO] PluginManager:220 - loadIPPluginJar : add usbx
2025-10-20 14:20:02,888 [INFO] CADModel:165 - CPN selected for project level
2025-10-20 14:20:02,888 [INFO] CADModel:114 - Register for checkConnection events
2025-10-20 14:20:02,889 [FATAL] Updater:308 - Updater called before beeing initialized
2025-10-20 14:20:02,889 [ERROR] CADModel:125 - Updater not yet initialized, retry later 
2025-10-20 14:20:03,053 [INFO] CADModel:165 - CPN selected for project level
2025-10-20 14:20:03,053 [INFO] CADModel:114 - Register for checkConnection events
2025-10-20 14:20:03,053 [FATAL] Updater:308 - Updater called before beeing initialized
2025-10-20 14:20:03,054 [ERROR] CADModel:125 - Updater not yet initialized, retry later 
2025-10-20 14:20:03,056 [FATAL] Updater:308 - Updater called before beeing initialized
2025-10-20 14:20:03,143 [FATAL] Updater:308 - Updater called before beeing initialized
2025-10-20 14:20:03,148 [INFO] DbMcusAds:53 - JSON generation date=Thu Sep 30 02:55:09 EDT 2021 (1632984909247)
2025-10-20 14:20:03,148 [FATAL] Updater:308 - Updater called before beeing initialized
2025-10-20 14:20:03,180 [WARN] DetailPanel:346 - Failed to get advertising image, set to default
2025-10-20 14:20:03,264 [FATAL] Updater:308 - Updater called before beeing initialized
2025-10-20 14:20:03,265 [FATAL] Updater:308 - Updater called before beeing initialized
2025-10-20 14:20:03,265 [FATAL] Updater:308 - Updater called before beeing initialized
2025-10-20 14:20:03,265 [WARN] DetailPanel:346 - Failed to get advertising image, set to default
2025-10-20 14:20:03,266 [FATAL] Updater:308 - Updater called before beeing initialized
2025-10-20 14:20:03,308 [ERROR] Updater:1120 - MainUpdater not yet initialized. External WinMGr cannot be set.
2025-10-20 14:20:03,310 [INFO] Updater:1056 - Updater Version found : 6.11.1
2025-10-20 14:20:03,323 [INFO] ApplicationProperties:184 - Using Application install path: C:\ST\STM32CubeIDE_1.15.1\STM32CubeIDE\plugins\com.st.stm32cube.common.mx_6.11.1.202404110753
2025-10-20 14:20:04,904 [ERROR] LogOutputStream:75 - [STDERR_REDIRECT] Oct 20, 2025 2:20:04 PM java.util.prefs.WindowsPreferences <init>
2025-10-20 14:20:04,905 [ERROR] LogOutputStream:75 - [STDERR_REDIRECT] WARNING: Could not open/create prefs root node Software\JavaSoft\Prefs at root 0xffffffff80000002. Windows RegCreateKeyEx(...) returned error code 5.
2025-10-20 14:20:04,905 [ERROR] LogOutputStream:75 - [STDERR_REDIRECT] 
2025-10-20 14:20:05,177 [INFO] MainUpdater:2873 - connection check result : 10
2025-10-20 14:20:05,177 [INFO] ThirdPartyUpdaterWithRetryManager:70 - Updater plugin not ready yet. [2/15]
2025-10-20 14:20:05,179 [INFO] MainUpdater:290 - Updater Check For Update Now.
2025-10-20 14:20:05,179 [INFO] MicroXplorer:498 - Change Database Version : DB.6.0.111
2025-10-20 14:20:05,187 [INFO] McuFinderGlobals:63 - Set McuFinder mode to 2 (CubeIDE integrated)
2025-10-20 14:20:05,187 [INFO] UserAuth:179 - activating auth plugin
2025-10-20 14:20:05,191 [INFO] UserAuth:415 - Internet connection configuration mode: 1
2025-10-20 14:20:05,209 [INFO] JxBrowserEngine:152 - Initiate JxBrowser Engine with user profile folder
2025-10-20 14:20:05,362 [INFO] CheckServerUpdateThread:120 - End of CheckServer Thread
2025-10-20 14:20:05,829 [INFO] WebApp:161 - Instantiating new browser for Auth
2025-10-20 14:20:06,296 [INFO] WebApp:779 - Register for checkConnection events
2025-10-20 14:20:06,296 [INFO] WebApp:414 - Apply proxy settings
2025-10-20 14:20:06,296 [INFO] WebApp:499 - Chromium requires no authentication
2025-10-20 14:20:06,302 [INFO] WebApp:442 - Direct internet connection detected
2025-10-20 14:20:06,418 [INFO] WebApp:192 - Starting web application
2025-10-20 14:20:06,418 [INFO] WebApp:544 - Web application path used C:\ST\STM32CubeIDE_1.15.1\STM32CubeIDE\plugins\com.st.stm32cube.common.mx_6.11.1.202404110753\db\plugins\mcufinder\reactClient1\index.html
2025-10-20 14:20:08,349 [WARN] PackLoader:240 - Cannot read IP mode file for STMicroelectronics.FP-SNS-MOTENVWB1.1.4.0
2025-10-20 14:20:08,356 [WARN] PackLoader:240 - Cannot read IP mode file for STMicroelectronics.FP-ATR-ASTRA1.2.0.2
2025-10-20 14:20:08,363 [WARN] PackLoader:240 - Cannot read IP mode file for STMicroelectronics.X-CUBE-SMBUS.2.1.0
2025-10-20 14:20:08,388 [WARN] PackLoader:240 - Cannot read IP mode file for STMicroelectronics.X-CUBE-AZRTOS-F7.1.1.0
2025-10-20 14:20:08,396 [ERROR] Engine:466 - C:\Users\1735593\.stm32cubemx\thirdparties\pdsc\Cesanta.I-CUBE-Mongoose.7.19.0.pdsc: PDSC version is not supported
2025-10-20 14:20:08,400 [ERROR] Engine:466 - C:\Users\1735593\.stm32cubemx\thirdparties\pdsc\WES.I-CUBE-Cesium.1.4.0.pdsc: PDSC version is not supported
2025-10-20 14:20:08,426 [WARN] PackLoader:240 - Cannot read IP mode file for Infineon.AIROC-Wi-Fi-Bluetooth-STM32.1.7.1
2025-10-20 14:20:08,457 [WARN] PackLoader:240 - Cannot read IP mode file for STMicroelectronics.X-CUBE-AZRTOS-H7.3.4.0
2025-10-20 14:20:08,466 [WARN] PackLoader:240 - Cannot read IP mode file for STMicroelectronics.X-CUBE-DISPLAY.3.0.0
2025-10-20 14:20:08,475 [WARN] PackLoader:240 - Cannot read IP mode file for STMicroelectronics.X-CUBE-NFC10.1.0.0
2025-10-20 14:20:08,479 [ERROR] Engine:466 - C:\Users\1735593\.stm32cubemx\thirdparties\pdsc\STMicroelectronics.X-CUBE-ST60.1.1.0.pdsc: PDSC version is not supported
2025-10-20 14:20:08,482 [WARN] PackLoader:240 - Cannot read IP mode file for emotas.I-CUBE-CANOPEN.1.3.0
2025-10-20 14:20:08,485 [ERROR] Engine:466 - C:\Users\1735593\.stm32cubemx\thirdparties\pdsc\STMicroelectronics.FP-SNS-STBOX1.2.1.0.pdsc: PDSC version is not supported
2025-10-20 14:20:08,489 [WARN] PackLoader:240 - Cannot read IP mode file for STMicroelectronics.FP-SNS-SMARTAG2.1.2.0
2025-10-20 14:20:08,492 [ERROR] Engine:466 - C:\Users\1735593\.stm32cubemx\thirdparties\pdsc\STMicroelectronics.FP-SNS-FLIGHT1.5.1.0.pdsc: PDSC version is not supported
2025-10-20 14:20:08,500 [INFO] LogOutputStream:77 - [STDOUT_REDIRECT] 1 : Invalid condition id : UX_CORESTACK_Condition cause : null
2025-10-20 14:20:08,501 [INFO] LogOutputStream:77 - [STDOUT_REDIRECT] 1 : Invalid condition id : UX_CORESTACK_Condition cause : null
2025-10-20 14:20:08,502 [INFO] LogOutputStream:77 - [STDOUT_REDIRECT] 1 : Invalid condition id : UX_CORESTACK_Condition cause : null
2025-10-20 14:20:08,503 [INFO] LogOutputStream:77 - [STDOUT_REDIRECT] 1 : Invalid condition id : UX_CORESTACK_Condition cause : null
2025-10-20 14:20:08,503 [INFO] LogOutputStream:77 - [STDOUT_REDIRECT] 1 : Invalid condition id : UX_CORESTACK_Condition cause : null
2025-10-20 14:20:08,506 [WARN] PackLoader:240 - Cannot read IP mode file for STMicroelectronics.X-CUBE-AZRTOS-WL.2.0.0
2025-10-20 14:20:08,511 [WARN] PackLoader:240 - Cannot read IP mode file for STMicroelectronics.FP-SNS-MOTENV1.5.0.0
2025-10-20 14:20:08,526 [WARN] PackLoader:240 - Cannot read IP mode file for STMicroelectronics.X-CUBE-BLE2.3.3.0
2025-10-20 14:20:08,532 [WARN] PackLoader:240 - Cannot read IP mode file for STMicroelectronics.X-CUBE-NFC9.1.0.0
2025-10-20 14:20:08,538 [WARN] PackLoader:240 - Cannot read IP mode file for wolfSSL.I-CUBE-wolfSSL.5.8.2
2025-10-20 14:20:08,542 [WARN] PackLoader:240 - Cannot read IP mode file for STMicroelectronics.X-CUBE-BLE1.7.1.0
2025-10-20 14:20:08,546 [WARN] PackLoader:240 - Cannot read IP mode file for wolfSSL.I-CUBE-wolfMQTT.1.19.2
2025-10-20 14:20:08,550 [WARN] PackLoader:240 - Cannot read IP mode file for STMicroelectronics.X-CUBE-EEPRMA1.5.2.0
2025-10-20 14:20:08,555 [ERROR] Engine:466 - C:\Users\1735593\.stm32cubemx\thirdparties\pdsc\STMicroelectronics.X-CUBE-ST67W61.1.1.0.pdsc: PDSC version is not supported
2025-10-20 14:20:08,568 [WARN] PackLoader:240 - Cannot read IP mode file for STMicroelectronics.X-CUBE-AZRTOS-G0.1.1.0
2025-10-20 14:20:08,585 [WARN] PackLoader:240 - Cannot read IP mode file for STMicroelectronics.X-CUBE-SAFEA1.1.2.2
2025-10-20 14:20:08,590 [WARN] PackLoader:240 - Cannot read IP mode file for STMicroelectronics.X-CUBE-NFC4.3.0.0
2025-10-20 14:20:08,599 [WARN] PackLoader:240 - Cannot read IP mode file for EmbeddedOffice.I-CUBE-FS-RTOS.1.0.1
2025-10-20 14:20:08,600 [ERROR] ConditionMgr:805 - Attr not supported : Dmpu
2025-10-20 14:20:08,600 [ERROR] ConditionMgr:805 - Attr not supported : Dmpu
2025-10-20 14:20:08,600 [ERROR] ConditionMgr:805 - Attr not supported : Dmpu
2025-10-20 14:20:08,600 [ERROR] ConditionMgr:805 - Attr not supported : Dmpu
2025-10-20 14:20:08,600 [ERROR] ConditionMgr:805 - Attr not supported : Dmpu
2025-10-20 14:20:08,600 [ERROR] ConditionMgr:805 - Attr not supported : Dmpu
2025-10-20 14:20:08,600 [ERROR] ConditionMgr:805 - Attr not supported : Dmpu
2025-10-20 14:20:08,600 [ERROR] ConditionMgr:805 - Attr not supported : Dmpu
2025-10-20 14:20:08,600 [ERROR] ConditionMgr:805 - Attr not supported : Dmpu
2025-10-20 14:20:08,600 [ERROR] ConditionMgr:805 - Attr not supported : Dmpu
2025-10-20 14:20:08,600 [ERROR] ConditionMgr:805 - Attr not supported : Dmpu
2025-10-20 14:20:08,600 [ERROR] ConditionMgr:805 - Attr not supported : Dmpu
2025-10-20 14:20:08,600 [ERROR] ConditionMgr:805 - Attr not supported : Dmpu
2025-10-20 14:20:08,601 [ERROR] ConditionMgr:805 - Attr not supported : Dmpu
2025-10-20 14:20:08,601 [ERROR] ConditionMgr:805 - Attr not supported : Dmpu
2025-10-20 14:20:08,601 [ERROR] ConditionMgr:805 - Attr not supported : Dmpu
2025-10-20 14:20:08,601 [ERROR] ConditionMgr:805 - Attr not supported : Dmpu
2025-10-20 14:20:08,601 [ERROR] ConditionMgr:805 - Attr not supported : Dmpu
2025-10-20 14:20:08,601 [ERROR] ConditionMgr:805 - Attr not supported : Dmpu
2025-10-20 14:20:08,601 [ERROR] ConditionMgr:805 - Attr not supported : Dmpu
2025-10-20 14:20:08,601 [ERROR] ConditionMgr:805 - Attr not supported : Dmpu
2025-10-20 14:20:08,601 [ERROR] ConditionMgr:805 - Attr not supported : Dmpu
2025-10-20 14:20:08,601 [ERROR] ConditionMgr:805 - Attr not supported : Dmpu
2025-10-20 14:20:08,601 [ERROR] ConditionMgr:805 - Attr not supported : Dmpu
2025-10-20 14:20:08,601 [ERROR] ConditionMgr:805 - Attr not supported : Dmpu
2025-10-20 14:20:08,601 [ERROR] ConditionMgr:805 - Attr not supported : Dmpu
2025-10-20 14:20:08,601 [ERROR] ConditionMgr:805 - Attr not supported : Dmpu
2025-10-20 14:20:08,601 [ERROR] ConditionMgr:805 - Attr not supported : Dmpu
2025-10-20 14:20:08,601 [ERROR] ConditionMgr:805 - Attr not supported : Dmpu
2025-10-20 14:20:08,601 [ERROR] ConditionMgr:805 - Attr not supported : Dmpu
2025-10-20 14:20:08,601 [ERROR] ConditionMgr:805 - Attr not supported : Dmpu
2025-10-20 14:20:08,602 [ERROR] ConditionMgr:805 - Attr not supported : Dmpu
2025-10-20 14:20:08,602 [ERROR] ConditionMgr:805 - Attr not supported : Dmpu
2025-10-20 14:20:08,602 [ERROR] ConditionMgr:805 - Attr not supported : Dmpu
2025-10-20 14:20:08,602 [ERROR] ConditionMgr:805 - Attr not supported : Dmpu
2025-10-20 14:20:08,602 [ERROR] ConditionMgr:805 - Attr not supported : Dmpu
2025-10-20 14:20:08,602 [ERROR] ConditionMgr:805 - Attr not supported : Dmpu
2025-10-20 14:20:08,602 [ERROR] ConditionMgr:805 - Attr not supported : Dmpu
2025-10-20 14:20:08,602 [ERROR] ConditionMgr:805 - Attr not supported : Dmpu
2025-10-20 14:20:08,602 [ERROR] ConditionMgr:805 - Attr not supported : Dmpu
2025-10-20 14:20:08,602 [ERROR] ConditionMgr:805 - Attr not supported : Dmpu
2025-10-20 14:20:08,602 [ERROR] ConditionMgr:805 - Attr not supported : Dmpu
2025-10-20 14:20:08,602 [ERROR] ConditionMgr:805 - Attr not supported : Dmpu
2025-10-20 14:20:08,602 [ERROR] ConditionMgr:805 - Attr not supported : Dmpu
2025-10-20 14:20:08,602 [ERROR] ConditionMgr:805 - Attr not supported : Dmpu
2025-10-20 14:20:08,602 [ERROR] ConditionMgr:805 - Attr not supported : Dmpu
2025-10-20 14:20:08,602 [ERROR] ConditionMgr:805 - Attr not supported : Dmpu
2025-10-20 14:20:08,602 [ERROR] ConditionMgr:805 - Attr not supported : Dmpu
2025-10-20 14:20:08,603 [ERROR] ConditionMgr:805 - Attr not supported : Dmpu
2025-10-20 14:20:08,603 [ERROR] ConditionMgr:805 - Attr not supported : Dmpu
2025-10-20 14:20:08,603 [ERROR] ConditionMgr:805 - Attr not supported : Dmpu
2025-10-20 14:20:08,603 [ERROR] ConditionMgr:805 - Attr not supported : Dmpu
2025-10-20 14:20:08,603 [ERROR] ConditionMgr:805 - Attr not supported : Dmpu
2025-10-20 14:20:08,603 [ERROR] ConditionMgr:805 - Attr not supported : Dmpu
2025-10-20 14:20:08,603 [ERROR] ConditionMgr:805 - Attr not supported : Dmpu
2025-10-20 14:20:08,603 [ERROR] ConditionMgr:805 - Attr not supported : Dmpu
2025-10-20 14:20:08,603 [ERROR] ConditionMgr:805 - Attr not supported : Dmpu
2025-10-20 14:20:08,603 [ERROR] ConditionMgr:805 - Attr not supported : Dmpu
2025-10-20 14:20:08,603 [ERROR] ConditionMgr:805 - Attr not supported : Dmpu
2025-10-20 14:20:08,603 [ERROR] ConditionMgr:805 - Attr not supported : Dmpu
2025-10-20 14:20:08,603 [ERROR] ConditionMgr:805 - Attr not supported : Dmpu
2025-10-20 14:20:08,603 [ERROR] ConditionMgr:805 - Attr not supported : Dmpu
2025-10-20 14:20:08,603 [ERROR] ConditionMgr:805 - Attr not supported : Dmpu
2025-10-20 14:20:08,603 [ERROR] ConditionMgr:805 - Attr not supported : Dmpu
2025-10-20 14:20:08,612 [WARN] PackLoader:240 - Cannot read IP mode file for STMicroelectronics.X-CUBE-WB05N.2.0.0
2025-10-20 14:20:08,616 [WARN] PackLoader:240 - Cannot read IP mode file for wolfSSL.I-CUBE-wolfTPM.3.8.0
2025-10-20 14:20:08,618 [ERROR] Engine:466 - C:\Users\1735593\.stm32cubemx\thirdparties\pdsc\STMicroelectronics.X-CUBE-TCPP.4.2.0.pdsc: PDSC version is not supported
2025-10-20 14:20:08,621 [WARN] PackLoader:240 - Cannot read IP mode file for RealThread.X-CUBE-RT-Thread_Nano.4.1.1
2025-10-20 14:20:08,630 [WARN] PackLoader:240 - Cannot read IP mode file for STMicroelectronics.FP-ATR-SIGFOX1.3.2.0
2025-10-20 14:20:08,635 [WARN] PackLoader:240 - Cannot read IP mode file for ITTIA_DB.I-CUBE-ITTIADB.8.9.0
2025-10-20 14:20:08,638 [WARN] PackLoader:240 - Cannot read IP mode file for STMicroelectronics.X-CUBE-AI.10.2.0
2025-10-20 14:20:08,660 [WARN] PackLoader:240 - Cannot read IP mode file for SEGGER.I-CUBE-embOS.1.3.1
2025-10-20 14:20:08,688 [WARN] PackLoader:240 - Cannot read IP mode file for STMicroelectronics.X-CUBE-ALGOBUILD.1.4.0
2025-10-20 14:20:08,721 [WARN] PackLoader:240 - Cannot read IP mode file for STMicroelectronics.X-CUBE-MEMS1.11.3.0
2025-10-20 14:20:08,842 [WARN] PackLoader:240 - Cannot read IP mode file for STMicroelectronics.X-CUBE-PM33A1.1.0.0
2025-10-20 14:20:08,854 [WARN] PackLoader:240 - Cannot read IP mode file for STMicroelectronics.X-CUBE-AZRTOS-F4.1.1.0
2025-10-20 14:20:08,858 [WARN] PackLoader:240 - Cannot read IP mode file for STMicroelectronics.X-CUBE-ISPU.2.1.0
2025-10-20 14:20:08,862 [ERROR] Engine:466 - C:\Users\1735593\.stm32cubemx\thirdparties\pdsc\STMicroelectronics.X-CUBE-IPS.3.2.0.pdsc: PDSC version is not supported
2025-10-20 14:20:08,867 [WARN] PackLoader:240 - Cannot read IP mode file for STMicroelectronics.X-CUBE-NFC12.1.0.0
2025-10-20 14:20:08,879 [WARN] PackLoader:240 - Cannot read IP mode file for STMicroelectronics.X-CUBE-AZRTOS-L5.2.0.0
2025-10-20 14:20:08,886 [WARN] PackLoader:240 - Cannot read IP mode file for STMicroelectronics.X-CUBE-NFC6.3.1.0
2025-10-20 14:20:08,892 [WARN] PackLoader:240 - Cannot read IP mode file for STMicroelectronics.X-CUBE-FREERTOS.1.3.1
2025-10-20 14:20:08,895 [WARN] PackLoader:240 - Cannot read IP mode file for STMicroelectronics.X-CUBE-TOUCHGFX.4.26.0
2025-10-20 14:20:08,897 [ERROR] Engine:466 - C:\Users\1735593\.stm32cubemx\thirdparties\pdsc\STMicroelectronics.FP-SNS-STAIOTCFT.1.0.0.pdsc: PDSC version is not supported
2025-10-20 14:20:08,900 [WARN] PackLoader:240 - Cannot read IP mode file for STMicroelectronics.X-CUBE-DPower.1.3.0
2025-10-20 14:20:08,912 [WARN] ConditionMgr:438 - getConditionDescription Invalid condition id : LAN8742 Phy interface Condition cause : null
2025-10-20 14:20:08,913 [WARN] PackLoader:240 - Cannot read IP mode file for STMicroelectronics.X-CUBE-AZRTOS-L4.2.0.0
2025-10-20 14:20:08,914 [WARN] ConditionMgr:1039 - genDependencies : Invalid condition id : LAN8742 Phy interface Condition cause : null
2025-10-20 14:20:08,914 [WARN] ConditionMgr:1039 - genDependencies : Invalid condition id : LAN8742 Phy interface Condition cause : null
2025-10-20 14:20:08,914 [WARN] ConditionMgr:1039 - genDependencies : Invalid condition id : LAN8742 Phy interface Condition cause : null
2025-10-20 14:20:08,920 [WARN] PackLoader:240 - Cannot read IP mode file for STMicroelectronics.X-CUBE-SFXS2LP1.4.0.0
2025-10-20 14:20:08,924 [ERROR] Engine:466 - C:\Users\1735593\.stm32cubemx\thirdparties\pdsc\STMicroelectronics.X-CUBE-BLEMGR.4.1.0.pdsc: PDSC version is not supported
2025-10-20 14:20:08,932 [WARN] ConditionMgr:438 - getConditionDescription Invalid condition id : UX DEVICE CLASS RTOS Condition cause : null
2025-10-20 14:20:08,940 [WARN] ConditionMgr:438 - getConditionDescription Invalid condition id : UX DEVICE CLASS RTOS Condition cause : null
2025-10-20 14:20:08,943 [WARN] PackLoader:240 - Cannot read IP mode file for STMicroelectronics.X-CUBE-AZRTOS-WB.2.0.0
2025-10-20 14:20:08,943 [WARN] ConditionMgr:1039 - genDependencies : Invalid condition id : UX DEVICE CLASS RTOS Condition cause : null
2025-10-20 14:20:08,943 [WARN] ConditionMgr:1039 - genDependencies : Invalid condition id : UX DEVICE CLASS RTOS Condition cause : null
2025-10-20 14:20:08,944 [WARN] ConditionMgr:1039 - genDependencies : Invalid condition id : UX DEVICE CLASS RTOS Condition cause : null
2025-10-20 14:20:08,944 [WARN] ConditionMgr:1039 - genDependencies : Invalid condition id : UX DEVICE CLASS RTOS Condition cause : null
2025-10-20 14:20:08,944 [WARN] ConditionMgr:1039 - genDependencies : Invalid condition id : UX DEVICE CLASS RTOS Condition cause : null
2025-10-20 14:20:08,949 [WARN] PackLoader:240 - Cannot read IP mode file for STMicroelectronics.X-CUBE-GNSS1.7.0.1
2025-10-20 14:20:08,953 [WARN] ConditionMgr:438 - getConditionDescription Invalid condition id : Cortex-A Device cause : null
2025-10-20 14:20:08,967 [WARN] ConditionMgr:1039 - genDependencies : Invalid condition id : Cortex-A Device cause : null
2025-10-20 14:20:08,967 [WARN] ConditionMgr:1039 - genDependencies : Invalid condition id : Cortex-A Device cause : null
2025-10-20 14:20:08,968 [WARN] ConditionMgr:1039 - genDependencies : Invalid condition id : Cortex-A Device cause : null
2025-10-20 14:20:08,976 [WARN] PackLoader:240 - Cannot read IP mode file for STMicroelectronics.X-CUBE-SUBG2.5.0.0
2025-10-20 14:20:08,994 [WARN] PackLoader:240 - Cannot read IP mode file for STMicroelectronics.X-CUBE-AZRTOS-H7RS.1.1.0
2025-10-20 14:20:09,007 [WARN] PackLoader:240 - Cannot read IP mode file for STMicroelectronics.X-CUBE-AZRTOS-G4.2.0.0
2025-10-20 14:20:09,012 [WARN] PackLoader:240 - Cannot read IP mode file for wolfSSL.I-CUBE-wolfSSH.1.4.20
2025-10-20 14:20:09,015 [WARN] PackLoader:240 - Cannot read IP mode file for STMicroelectronics.X-CUBE-NFC7.2.0.0
2025-10-20 14:20:09,019 [WARN] PackLoader:240 - Cannot read IP mode file for STMicroelectronics.X-CUBE-ALS.1.0.2
2025-10-20 14:20:09,024 [WARN] PackLoader:240 - Cannot read IP mode file for STMicroelectronics.X-CUBE-STSE01.1.0.0
2025-10-20 14:20:09,028 [ERROR] Engine:466 - C:\Users\1735593\.stm32cubemx\thirdparties\pdsc\STMicroelectronics.X-CUBE-TOF1.3.4.3.pdsc: PDSC version is not supported
2025-10-20 14:20:09,029 [INFO] ThirdParty:978 - Integrity check success = true
2025-10-20 14:20:09,029 [INFO] IntegrityCheckThread:100 - exiting critical section [integrity check]
2025-10-20 14:20:09,029 [INFO] IntegrityCheckThread:103 - End integrity checks thread
2025-10-20 14:20:23,520 [INFO] McuFinderGlobals:63 - Set McuFinder mode to 2 (CubeIDE integrated)
2025-10-20 14:20:23,521 [INFO] UserAuth:179 - activating auth plugin
2025-10-20 14:20:23,523 [INFO] UserAuth:415 - Internet connection configuration mode: 1
2025-10-20 14:33:53,460 [INFO] WebApp:611 - userauth.ini deleted or not created
2025-10-20 14:36:23,347 [INFO] McuFinderGlobals:63 - Set McuFinder mode to 2 (CubeIDE integrated)
2025-10-20 14:36:23,383 [INFO] MainUpdater:2873 - connection check result : 10
2025-10-20 14:36:23,416 [INFO] McuFinderGlobals:76 - Set McuFinderConnectedMode to true
2025-10-20 14:36:23,656 [INFO] ServerAccessManage:473 - Download File mcusAds.json._tmp_
2025-10-20 14:36:23,781 [INFO] LoadUrlFilesThread:156 - End of LoadUrlFiles Thread
2025-10-20 14:36:23,986 [INFO] ServerAccessManage:473 - Download File cube-finder-db.zip
2025-10-20 14:36:24,708 [INFO] FileExtend:240 - Unzip File : cube-finder-db.zip
2025-10-20 14:36:24,709 [INFO] FileExtend:255 - Standard Zip Deflate
2025-10-20 14:36:25,534 [INFO] LoadUrlFilesThread:156 - End of LoadUrlFiles Thread
2025-10-20 14:36:31,803 [INFO] ServerAccessManage:473 - Download File crdb.zip
2025-10-20 14:36:32,407 [INFO] FileExtend:240 - Unzip File : crdb.zip
2025-10-20 14:36:32,408 [INFO] FileExtend:255 - Standard Zip Deflate
2025-10-20 14:36:32,559 [INFO] LoadUrlFilesThread:156 - End of LoadUrlFiles Thread
2025-10-20 14:36:32,708 [INFO] ServerAccessManage:473 - Download File tutoVideoDB.zip
2025-10-20 14:36:32,729 [INFO] FileExtend:240 - Unzip File : tutoVideoDB.zip
2025-10-20 14:36:32,729 [INFO] FileExtend:255 - Standard Zip Deflate
2025-10-20 14:36:32,860 [INFO] LoadUrlFilesThread:156 - End of LoadUrlFiles Thread
2025-10-20 14:36:32,863 [WARN] DbFile:41 - Overriding database path with different value: C:\Users\1735593\.stmcufinder\plugins\mcufinder/ => C:\Users\1735593\.stmcufinder\plugins\mcufinder
2025-10-20 14:36:32,889 [INFO] ServerAccessManage:473 - Download File api_config.json
2025-10-20 14:36:33,002 [INFO] LoadUrlFilesThread:156 - End of LoadUrlFiles Thread
2025-10-20 14:36:33,004 [INFO] DbMcusAds:53 - JSON generation date=Thu Oct 02 05:36:05 EDT 2025 (1759397765645)
2025-10-20 14:36:33,118 [INFO] ServerAccessManage:473 - Download File 
2025-10-20 14:36:33,155 [INFO] LoadUrlFilesThread:185 - End of LoadServerUrlFiles without Thread
2025-10-20 14:36:33,157 [INFO] TargetSelectorAdapter:259 - Refresh data is successful
2025-10-20 14:36:33,363 [INFO] ApiDb:581 - Connected to CubeFinder SQLite database (C:\Users\1735593\.stmcufinder\plugins\mcufinder\mcu\cube-finder-db.db)
2025-10-20 14:36:33,431 [INFO] ApiDb:668 - CubeFinder database Data Model version=2.1
2025-10-20 14:36:33,431 [INFO] ApiDb:669 - CubeFinder database Configuration version=3.0.39
2025-10-20 14:36:33,433 [INFO] ApiDb:670 - CubeFinder database generation date=2025-08-25 (1756130511)
2025-10-20 14:36:33,433 [INFO] ApiDb:671 - CubeFinder database FW Pack versions=[FP-ATR-ASTRA1_V2.0.0, FP-SNS-FLIGHT1_V5.1.0, FP-SNS-MOTENV1_V5.0.0, FP-SNS-MOTENVWB1_V1.4.0, FP-SNS-SMARTAG2_V1.2.0, FP-SNS-STBOX1_V2.1.0, STM32Cube_FW_C0_V1.4.0, STM32Cube_FW_F4_V1.28.3, STM32Cube_FW_F7_V1.17.4, STM32Cube_FW_G0_V1.6.2, STM32Cube_FW_G4_V1.6.1, STM32Cube_FW_H5_V1.5.0, STM32Cube_FW_H7RS_V1.2.0, STM32Cube_FW_H7_V1.12.1, STM32Cube_FW_L0_V1.12.2, STM32Cube_FW_L4_V1.18.1, STM32Cube_FW_L5_V1.5.1, STM32Cube_FW_N6_V1.2.0, STM32Cube_FW_U0_V1.3.0, STM32Cube_FW_U3_V1.2.0, STM32Cube_FW_U5_V1.8.0, STM32Cube_FW_WB0_V1.3.0, STM32Cube_FW_WBA_V1.7.0, STM32Cube_FW_WB_V1.23.0, STM32Cube_FW_WL3_V1.2.0, STM32Cube_FW_WL_V1.3.1, X-CUBE-ALGOBUILD_V1.4.0, X-CUBE-ALS_V1.0.2, X-CUBE-AZRTOS-F4_V1.1.0, X-CUBE-AZRTOS-F7_V1.1.0, X-CUBE-AZRTOS-G0_V1.1.0, X-CUBE-AZRTOS-G4_V2.0.0, X-CUBE-AZRTOS-H7RS_V1.1.0, X-CUBE-AZRTOS-H7_V3.4.0, X-CUBE-AZRTOS-L4_V2.0.0, X-CUBE-AZRTOS-L5_V2.0.0, X-CUBE-AZRTOS-WB_V2.0.0, X-CUBE-AZRTOS-WL_V2.0.0, X-CUBE-BLE1_V7.1.0, X-CUBE-BLE2_V3.3.0, X-CUBE-BLEMGR_V4.1.0, X-CUBE-EEPRMA1_V5.2.0, X-CUBE-FREERTOS_V1.3.1, X-CUBE-GNSS1_V6.0.0, X-CUBE-MEMS1_V11.3.0, X-CUBE-NFC4_V3.0.0, X-CUBE-NFC7_V2.0.0, X-CUBE-SFXS2LP1_V4.0.0, X-CUBE-ST67W61_V1.0.0, X-CUBE-SUBG2_V5.0.0, X-CUBE-TOF1_V3.4.3]
2025-10-20 14:36:35,437 [INFO] ApiDb:240 - Found 483 in-development CPN: [B-G473E-ZEST1S, B-WB1M-WPAN1, B-WL5M-SUBG1, NUCLEO-C031C6, NUCLEO-H503RB, NUCLEO-H533RE, NUCLEO-H563ZI, NUCLEO-H7S3L8, NUCLEO-U031R8, NUCLEO-U083RC, NUCLEO-U545RE-Q, NUCLEO-U5A5ZJ-Q, NUCLEO-WBA52CG, NUCLEO-WBA55CG, STEVAL-PROTEUS1, STEVAL-SMARTAG2, STEVAL-STWINBX1, STM320518-EVAL, STM32C0116-DK, STM32C011D6Y3TR, STM32C011D6Y6TR, STM32C011F4P3, STM32C011F4P6, STM32C011F4U3, STM32C011F4U6TR, STM32C011F6P3, STM32C011F6P6, STM32C011F6U3, STM32C011F6U6TR, STM32C011J4M3, STM32C011J4M6, STM32C011J6M3, STM32C011J6M6, STM32C0316-DK, STM32C031C4T3, STM32C031C4T6, STM32C031C4U3, STM32C031C4U6, STM32C031C6T3, STM32C031C6T6, STM32C031C6U3, STM32C031C6U6, STM32C031F4P3, STM32C031F4P6, STM32C031F6P3, STM32C031F6P6, STM32C031G4U3, STM32C031G4U6, STM32C031G6U3, STM32C031G6U6, STM32C031K4T3, STM32C031K4T6, STM32C031K4U3, STM32C031K4U6, STM32C031K6T3, STM32C031K6T6, STM32C031K6U3, STM32C031K6U6, STM32G071K8TXN, STM32G071K8UXN, STM32G081GBU6N, STM32G081KBT6N, STM32G081KBUXN, STM32G0B1CCT6N, STM32G0B1KCT6, STM32G0B1NEY6TR, STM32G0B1RCT6N, STM32G0C1CCT6, STM32G0C1CCT6N, STM32G0C1CCU6N, STM32G0C1CET6N, STM32G0C1CEU6N, STM32G0C1KCT6, STM32G0C1NEY6TR, STM32G0C1RCI6N, STM32G0C1RCT6N, STM32G0C1REI6N, STM32G0C1RET6N, STM32G0C1VCI6, STM32G0C1VEI6, STM32G471CCT6, STM32G471CCU6, STM32G471CET3, STM32G471CET6, STM32G471CEU3, STM32G471CEU6, STM32G471MCT6, STM32G471MET3, STM32G471MET6, STM32G471MEY6TR, STM32G471QCT6, STM32G471QET3, STM32G471RCT6, STM32G471RET3, STM32G471RET6, STM32G471VCH6, STM32G471VCI6, STM32G471VCT6, STM32G471VEH3, STM32G471VEH6, STM32G471VEI3, STM32G471VEI6, STM32G471VET3, STM32G471VET6, STM32G474CCT6, STM32H503CBT6, STM32H503CBU6, STM32H503EBY6TR, STM32H503KBU6, STM32H503RBT6, STM32H523CCT6, STM32H523CCU6, STM32H523CET6, STM32H523CEU6, STM32H523HEY6TR, STM32H523RCT6, STM32H523RET6, STM32H523VCI6, STM32H523VCT6, STM32H523VEI6, STM32H523VET6, STM32H523ZCJ6, STM32H523ZCT6, STM32H523ZEJ6, STM32H523ZET6, STM32H533CET6, STM32H533CEU6, STM32H533HEY6TR, STM32H533RET6, STM32H533VEI6, STM32H533VET6, STM32H533ZEJ6, STM32H533ZET6, STM32H562AGI6, STM32H562AII6, STM32H562IGK6, STM32H562IGT6, STM32H562IIK6, STM32H562IIT6, STM32H562RGT6, STM32H562RGV6, STM32H562RIT6, STM32H562RIV6, STM32H562VGT6, STM32H562VIT6, STM32H562ZGT6, STM32H562ZIT6, STM32H563AGI6, STM32H563AII3Q, STM32H563AII6, STM32H563IGK6, STM32H563IGT6, STM32H563IIK3Q, STM32H563IIK6, STM32H563IIT3Q, STM32H563IIT6, STM32H563MIY3QTR, STM32H563RGT6, STM32H563RGV6, STM32H563RIT6, STM32H563RIV6, STM32H563VGT6, STM32H563VIT3Q, STM32H563VIT6, STM32H563ZGT6, STM32H563ZIT3Q, STM32H563ZIT6, STM32H573AII3Q, STM32H573AII6, STM32H573I-DK, STM32H573IIK3Q, STM32H573IIK6, STM32H573IIT3Q, STM32H573IIT6, STM32H573MIY3QTR, STM32H573RIT6, STM32H573RIV6, STM32H573VIT3Q, STM32H573VIT6, STM32H573ZIT3Q, STM32H573ZIT6, STM32H7R3A8I6, STM32H7R3I8K6, STM32H7R3I8T6, STM32H7R3L8H6, STM32H7R3L8H6H, STM32H7R3R8V6, STM32H7R3V8H6, STM32H7R3V8T6, STM32H7R3V8Y6, STM32H7R3Z8J6, STM32H7R3Z8T6, STM32H7R7A8I6, STM32H7R7I8K6, STM32H7R7I8T6, STM32H7R7L8H6, STM32H7R7L8H6H, STM32H7R7Z8J6, STM32H7S3A8I6, STM32H7S3I8K6, STM32H7S3I8T6, STM32H7S3L8H6, STM32H7S3L8H6H, STM32H7S3R8V6, STM32H7S3V8H6, STM32H7S3V8T6, STM32H7S3V8Y6, STM32H7S3Z8J6, STM32H7S3Z8T6, STM32H7S78-DK, STM32H7S7A8I6, STM32H7S7I8K6, STM32H7S7I8T6, STM32H7S7L8H6, STM32H7S7L8H6H, STM32H7S7Z8J6, STM32L4R5QGI6STR, STM32MP131AAE3, STM32MP131AAF3, STM32MP131AAG3, STM32MP131CAE3, STM32MP131CAF3, STM32MP131CAG3, STM32MP131DAE7, STM32MP131DAF7, STM32MP131DAG7, STM32MP131FAE7, STM32MP131FAF7, STM32MP131FAG7, STM32MP133AAE3, STM32MP133AAF3, STM32MP133AAG3, STM32MP133CAE3, STM32MP133CAF3, STM32MP133CAG3, STM32MP133DAE7, STM32MP133DAF7, STM32MP133DAG7, STM32MP133FAE7, STM32MP133FAF7, STM32MP133FAG7, STM32MP135AAE3, STM32MP135AAF3, STM32MP135AAG3, STM32MP135CAE3, STM32MP135CAF3, STM32MP135CAG3, STM32MP135DAE7, STM32MP135DAF7, STM32MP135DAG7, STM32MP135F-DK, STM32MP135FAE7, STM32MP135FAF7, STM32MP135FAF7T, STM32MP135FAF7U, STM32MP135FAG7, STM32U031C6T6, STM32U031C6U6, STM32U031C8T6, STM32U031C8U6, STM32U031F4P6, STM32U031F6P6, STM32U031F8P6, STM32U031G6Y6TR, STM32U031G8Y6TR, STM32U031K4U6, STM32U031K6U6, STM32U031K8U6, STM32U031R6I6, STM32U031R6T6, STM32U031R8I6, STM32U031R8T6, STM32U073C8T6, STM32U073C8U6, STM32U073CBT6, STM32U073CBU6, STM32U073CCT6, STM32U073CCU6, STM32U073H8Y6TR, STM32U073HBY6TR, STM32U073HCY6TR, STM32U073K8U6, STM32U073KBU6, STM32U073KCU6, STM32U073M8I6, STM32U073M8T6, STM32U073MBI6, STM32U073MBT6, STM32U073MCI6, STM32U073MCT6, STM32U073R8I6, STM32U073R8T6, STM32U073RBI6, STM32U073RBT6, STM32U073RCI6, STM32U073RCT6, STM32U083C-DK, STM32U083CCT6, STM32U083CCU6, STM32U083HCY6TR, STM32U083KCU6, STM32U083MCI6, STM32U083MCT6, STM32U083RCI6, STM32U083RCT6, STM32U535CBT6, STM32U535CBT6Q, STM32U535CBU6, STM32U535CBU6Q, STM32U535CCT6, STM32U535CCT6Q, STM32U535CCU6, STM32U535CCU6Q, STM32U535CET6, STM32U535CET6Q, STM32U535CEU6, STM32U535CEU6Q, STM32U535JEY6QTR, STM32U535NCY6QTR, STM32U535NEY6QTR, STM32U535RBI6, STM32U535RBI6Q, STM32U535RBT6, STM32U535RBT6Q, STM32U535RCI6, STM32U535RCI6Q, STM32U535RCT6, STM32U535RCT6Q, STM32U535REI6, STM32U535REI6Q, STM32U535RET6, STM32U535RET6Q, STM32U535VCI6, STM32U535VCI6Q, STM32U535VCT6, STM32U535VCT6Q, STM32U535VEI6, STM32U535VEI6Q, STM32U535VET6, STM32U535VET6Q, STM32U545CET6, STM32U545CET6Q, STM32U545CEU6, STM32U545CEU6Q, STM32U545JEY6QTR, STM32U545NEY6QTR, STM32U545REI6, STM32U545REI6Q, STM32U545RET6, STM32U545RET6Q, STM32U545VEI6, STM32U545VEI6Q, STM32U545VET6, STM32U545VET6Q, STM32U595AIH6, STM32U595AIH6Q, STM32U595AJH6, STM32U595AJH6Q, STM32U595QII6, STM32U595QII6Q, STM32U595QJI6, STM32U595QJI6Q, STM32U595RIT6, STM32U595RIT6Q, STM32U595RJT6, STM32U595RJT6Q, STM32U595VIT6, STM32U595VIT6Q, STM32U595VJT6, STM32U595VJT6Q, STM32U595ZIT6, STM32U595ZIT6Q, STM32U595ZIY6QTR, STM32U595ZJT6, STM32U595ZJT6Q, STM32U595ZJY6QTR, STM32U599BJY6QTR, STM32U599NIH6Q, STM32U599NJH6Q, STM32U599VIT6Q, STM32U599VJT6, STM32U599VJT6Q, STM32U599ZIT6Q, STM32U599ZIY6QTR, STM32U599ZJT6Q, STM32U599ZJY6QTR, STM32U5A5AJH6, STM32U5A5AJH6Q, STM32U5A5QII3Q , STM32U5A5QJI6, STM32U5A5QJI6Q, STM32U5A5RJT6, STM32U5A5RJT6Q, STM32U5A5VJT6, STM32U5A5VJT6Q, STM32U5A5ZJT6, STM32U5A5ZJT6Q, STM32U5A5ZJY6QTR, STM32U5A9BJY6QTR, STM32U5A9J-DK, STM32U5A9NJH6Q, STM32U5A9VJT6Q, STM32U5A9ZJT6Q, STM32U5A9ZJY6QTR, STM32U5F7VIT6, STM32U5F7VIT6Q, STM32U5F7VJT6, STM32U5F7VJT6Q, STM32U5F9BJY6QTR, STM32U5F9NJH6Q, STM32U5F9VIT6Q, STM32U5F9VJT6Q, STM32U5F9ZIJ6QTR, STM32U5F9ZIT6Q, STM32U5F9ZJJ6QTR, STM32U5F9ZJT6Q, STM32U5G7VJT6, STM32U5G7VJT6Q, STM32U5G9BJY6QTR, STM32U5G9J-DK1, STM32U5G9J-DK2, STM32U5G9NJH6Q, STM32U5G9VJT6Q, STM32U5G9ZJJ6QTR, STM32U5G9ZJT6Q, STM32WB1MMCH6, STM32WBA50KEU6, STM32WBA50KEU6TR, STM32WBA50KGU6, STM32WBA50KGU6TR, STM32WBA52CEU6, STM32WBA52CEU6TR, STM32WBA52CEU7, STM32WBA52CEU7TR, STM32WBA52CGU6, STM32WBA52CGU6TR, STM32WBA52CGU6U, STM32WBA52CGU7, STM32WBA52CGU7TR, STM32WBA52KEU6, STM32WBA52KEU6TR, STM32WBA52KGU6, STM32WBA52KGU6TR, STM32WBA54CEU6, STM32WBA54CEU6TR, STM32WBA54CEU7, STM32WBA54CEU7TR, STM32WBA54CGU6, STM32WBA54CGU6TR, STM32WBA54CGU7, STM32WBA54CGU7TR, STM32WBA54KEU6, STM32WBA54KEU6TR, STM32WBA54KEU7, STM32WBA54KEU7TR, STM32WBA54KGU6, STM32WBA54KGU6TR, STM32WBA54KGU7, STM32WBA54KGU7TR, STM32WBA55CEU6, STM32WBA55CEU6TR, STM32WBA55CEU7, STM32WBA55CEU7TR, STM32WBA55CGU6, STM32WBA55CGU6TR, STM32WBA55CGU6U, STM32WBA55CGU7, STM32WBA55CGU7TR, STM32WBA55G-DK1, STM32WBA55HEF6, STM32WBA55HEF7, STM32WBA55HGF6, STM32WBA55HGF7, STM32WBA55UEI6, STM32WBA55UEI6TR, STM32WBA55UEI7, STM32WBA55UEI7TR, STM32WBA55UGI6, STM32WBA55UGI6TR, STM32WBA55UGI7, STM32WBA55UGI7TR, STM32WL5MOCH6, STM32WL5MOCH6TR]
2025-10-20 14:36:35,445 [INFO] DbMcus:218 - Found 4733 MCUs, 4733 are supported
2025-10-20 14:36:35,445 [INFO] ApiDb:414 - User favorites file not found: C:\Users\1735593/.stm32cubeide/favorites.mcus.txt
2025-10-20 14:36:35,445 [INFO] DbMcus:224 - Set 0 / 0 favorites MCUs
2025-10-20 14:36:35,842 [INFO] ApiDb:668 - CubeFinder database Data Model version=2.1
2025-10-20 14:36:35,842 [INFO] ApiDb:669 - CubeFinder database Configuration version=3.0.39
2025-10-20 14:36:35,842 [INFO] ApiDb:670 - CubeFinder database generation date=2025-08-25 (1756130511)
2025-10-20 14:36:35,842 [INFO] ApiDb:671 - CubeFinder database FW Pack versions=[FP-ATR-ASTRA1_V2.0.0, FP-SNS-FLIGHT1_V5.1.0, FP-SNS-MOTENV1_V5.0.0, FP-SNS-MOTENVWB1_V1.4.0, FP-SNS-SMARTAG2_V1.2.0, FP-SNS-STBOX1_V2.1.0, STM32Cube_FW_C0_V1.4.0, STM32Cube_FW_F4_V1.28.3, STM32Cube_FW_F7_V1.17.4, STM32Cube_FW_G0_V1.6.2, STM32Cube_FW_G4_V1.6.1, STM32Cube_FW_H5_V1.5.0, STM32Cube_FW_H7RS_V1.2.0, STM32Cube_FW_H7_V1.12.1, STM32Cube_FW_L0_V1.12.2, STM32Cube_FW_L4_V1.18.1, STM32Cube_FW_L5_V1.5.1, STM32Cube_FW_N6_V1.2.0, STM32Cube_FW_U0_V1.3.0, STM32Cube_FW_U3_V1.2.0, STM32Cube_FW_U5_V1.8.0, STM32Cube_FW_WB0_V1.3.0, STM32Cube_FW_WBA_V1.7.0, STM32Cube_FW_WB_V1.23.0, STM32Cube_FW_WL3_V1.2.0, STM32Cube_FW_WL_V1.3.1, X-CUBE-ALGOBUILD_V1.4.0, X-CUBE-ALS_V1.0.2, X-CUBE-AZRTOS-F4_V1.1.0, X-CUBE-AZRTOS-F7_V1.1.0, X-CUBE-AZRTOS-G0_V1.1.0, X-CUBE-AZRTOS-G4_V2.0.0, X-CUBE-AZRTOS-H7RS_V1.1.0, X-CUBE-AZRTOS-H7_V3.4.0, X-CUBE-AZRTOS-L4_V2.0.0, X-CUBE-AZRTOS-L5_V2.0.0, X-CUBE-AZRTOS-WB_V2.0.0, X-CUBE-AZRTOS-WL_V2.0.0, X-CUBE-BLE1_V7.1.0, X-CUBE-BLE2_V3.3.0, X-CUBE-BLEMGR_V4.1.0, X-CUBE-EEPRMA1_V5.2.0, X-CUBE-FREERTOS_V1.3.1, X-CUBE-GNSS1_V6.0.0, X-CUBE-MEMS1_V11.3.0, X-CUBE-NFC4_V3.0.0, X-CUBE-NFC7_V2.0.0, X-CUBE-SFXS2LP1_V4.0.0, X-CUBE-ST67W61_V1.0.0, X-CUBE-SUBG2_V5.0.0, X-CUBE-TOF1_V3.4.3]
2025-10-20 14:36:35,887 [INFO] DbBoardsSqlite:226 - include board P-NUCLEO-WB55-NUCLEO as a kit item of type 'Nucleo-64'
2025-10-20 14:36:35,888 [INFO] DbBoardsSqlite:226 - include board P-NUCLEO-WB55-USBDONGLE as a kit item of type 'Nucleo USB Dongle'
2025-10-20 14:36:35,888 [INFO] DbBoardsSqlite:226 - include board STEVAL-IDP005V1 as a kit item of type 'Evaluation Board'
2025-10-20 14:36:35,889 [INFO] DbBoardsSqlite:226 - include board STEVAL-IDP005V2 as a kit item of type 'Evaluation Board'
2025-10-20 14:36:35,948 [INFO] ApiDb:240 - Found 483 in-development CPN: [B-G473E-ZEST1S, B-WB1M-WPAN1, B-WL5M-SUBG1, NUCLEO-C031C6, NUCLEO-H503RB, NUCLEO-H533RE, NUCLEO-H563ZI, NUCLEO-H7S3L8, NUCLEO-U031R8, NUCLEO-U083RC, NUCLEO-U545RE-Q, NUCLEO-U5A5ZJ-Q, NUCLEO-WBA52CG, NUCLEO-WBA55CG, STEVAL-PROTEUS1, STEVAL-SMARTAG2, STEVAL-STWINBX1, STM320518-EVAL, STM32C0116-DK, STM32C011D6Y3TR, STM32C011D6Y6TR, STM32C011F4P3, STM32C011F4P6, STM32C011F4U3, STM32C011F4U6TR, STM32C011F6P3, STM32C011F6P6, STM32C011F6U3, STM32C011F6U6TR, STM32C011J4M3, STM32C011J4M6, STM32C011J6M3, STM32C011J6M6, STM32C0316-DK, STM32C031C4T3, STM32C031C4T6, STM32C031C4U3, STM32C031C4U6, STM32C031C6T3, STM32C031C6T6, STM32C031C6U3, STM32C031C6U6, STM32C031F4P3, STM32C031F4P6, STM32C031F6P3, STM32C031F6P6, STM32C031G4U3, STM32C031G4U6, STM32C031G6U3, STM32C031G6U6, STM32C031K4T3, STM32C031K4T6, STM32C031K4U3, STM32C031K4U6, STM32C031K6T3, STM32C031K6T6, STM32C031K6U3, STM32C031K6U6, STM32G071K8TXN, STM32G071K8UXN, STM32G081GBU6N, STM32G081KBT6N, STM32G081KBUXN, STM32G0B1CCT6N, STM32G0B1KCT6, STM32G0B1NEY6TR, STM32G0B1RCT6N, STM32G0C1CCT6, STM32G0C1CCT6N, STM32G0C1CCU6N, STM32G0C1CET6N, STM32G0C1CEU6N, STM32G0C1KCT6, STM32G0C1NEY6TR, STM32G0C1RCI6N, STM32G0C1RCT6N, STM32G0C1REI6N, STM32G0C1RET6N, STM32G0C1VCI6, STM32G0C1VEI6, STM32G471CCT6, STM32G471CCU6, STM32G471CET3, STM32G471CET6, STM32G471CEU3, STM32G471CEU6, STM32G471MCT6, STM32G471MET3, STM32G471MET6, STM32G471MEY6TR, STM32G471QCT6, STM32G471QET3, STM32G471RCT6, STM32G471RET3, STM32G471RET6, STM32G471VCH6, STM32G471VCI6, STM32G471VCT6, STM32G471VEH3, STM32G471VEH6, STM32G471VEI3, STM32G471VEI6, STM32G471VET3, STM32G471VET6, STM32G474CCT6, STM32H503CBT6, STM32H503CBU6, STM32H503EBY6TR, STM32H503KBU6, STM32H503RBT6, STM32H523CCT6, STM32H523CCU6, STM32H523CET6, STM32H523CEU6, STM32H523HEY6TR, STM32H523RCT6, STM32H523RET6, STM32H523VCI6, STM32H523VCT6, STM32H523VEI6, STM32H523VET6, STM32H523ZCJ6, STM32H523ZCT6, STM32H523ZEJ6, STM32H523ZET6, STM32H533CET6, STM32H533CEU6, STM32H533HEY6TR, STM32H533RET6, STM32H533VEI6, STM32H533VET6, STM32H533ZEJ6, STM32H533ZET6, STM32H562AGI6, STM32H562AII6, STM32H562IGK6, STM32H562IGT6, STM32H562IIK6, STM32H562IIT6, STM32H562RGT6, STM32H562RGV6, STM32H562RIT6, STM32H562RIV6, STM32H562VGT6, STM32H562VIT6, STM32H562ZGT6, STM32H562ZIT6, STM32H563AGI6, STM32H563AII3Q, STM32H563AII6, STM32H563IGK6, STM32H563IGT6, STM32H563IIK3Q, STM32H563IIK6, STM32H563IIT3Q, STM32H563IIT6, STM32H563MIY3QTR, STM32H563RGT6, STM32H563RGV6, STM32H563RIT6, STM32H563RIV6, STM32H563VGT6, STM32H563VIT3Q, STM32H563VIT6, STM32H563ZGT6, STM32H563ZIT3Q, STM32H563ZIT6, STM32H573AII3Q, STM32H573AII6, STM32H573I-DK, STM32H573IIK3Q, STM32H573IIK6, STM32H573IIT3Q, STM32H573IIT6, STM32H573MIY3QTR, STM32H573RIT6, STM32H573RIV6, STM32H573VIT3Q, STM32H573VIT6, STM32H573ZIT3Q, STM32H573ZIT6, STM32H7R3A8I6, STM32H7R3I8K6, STM32H7R3I8T6, STM32H7R3L8H6, STM32H7R3L8H6H, STM32H7R3R8V6, STM32H7R3V8H6, STM32H7R3V8T6, STM32H7R3V8Y6, STM32H7R3Z8J6, STM32H7R3Z8T6, STM32H7R7A8I6, STM32H7R7I8K6, STM32H7R7I8T6, STM32H7R7L8H6, STM32H7R7L8H6H, STM32H7R7Z8J6, STM32H7S3A8I6, STM32H7S3I8K6, STM32H7S3I8T6, STM32H7S3L8H6, STM32H7S3L8H6H, STM32H7S3R8V6, STM32H7S3V8H6, STM32H7S3V8T6, STM32H7S3V8Y6, STM32H7S3Z8J6, STM32H7S3Z8T6, STM32H7S78-DK, STM32H7S7A8I6, STM32H7S7I8K6, STM32H7S7I8T6, STM32H7S7L8H6, STM32H7S7L8H6H, STM32H7S7Z8J6, STM32L4R5QGI6STR, STM32MP131AAE3, STM32MP131AAF3, STM32MP131AAG3, STM32MP131CAE3, STM32MP131CAF3, STM32MP131CAG3, STM32MP131DAE7, STM32MP131DAF7, STM32MP131DAG7, STM32MP131FAE7, STM32MP131FAF7, STM32MP131FAG7, STM32MP133AAE3, STM32MP133AAF3, STM32MP133AAG3, STM32MP133CAE3, STM32MP133CAF3, STM32MP133CAG3, STM32MP133DAE7, STM32MP133DAF7, STM32MP133DAG7, STM32MP133FAE7, STM32MP133FAF7, STM32MP133FAG7, STM32MP135AAE3, STM32MP135AAF3, STM32MP135AAG3, STM32MP135CAE3, STM32MP135CAF3, STM32MP135CAG3, STM32MP135DAE7, STM32MP135DAF7, STM32MP135DAG7, STM32MP135F-DK, STM32MP135FAE7, STM32MP135FAF7, STM32MP135FAF7T, STM32MP135FAF7U, STM32MP135FAG7, STM32U031C6T6, STM32U031C6U6, STM32U031C8T6, STM32U031C8U6, STM32U031F4P6, STM32U031F6P6, STM32U031F8P6, STM32U031G6Y6TR, STM32U031G8Y6TR, STM32U031K4U6, STM32U031K6U6, STM32U031K8U6, STM32U031R6I6, STM32U031R6T6, STM32U031R8I6, STM32U031R8T6, STM32U073C8T6, STM32U073C8U6, STM32U073CBT6, STM32U073CBU6, STM32U073CCT6, STM32U073CCU6, STM32U073H8Y6TR, STM32U073HBY6TR, STM32U073HCY6TR, STM32U073K8U6, STM32U073KBU6, STM32U073KCU6, STM32U073M8I6, STM32U073M8T6, STM32U073MBI6, STM32U073MBT6, STM32U073MCI6, STM32U073MCT6, STM32U073R8I6, STM32U073R8T6, STM32U073RBI6, STM32U073RBT6, STM32U073RCI6, STM32U073RCT6, STM32U083C-DK, STM32U083CCT6, STM32U083CCU6, STM32U083HCY6TR, STM32U083KCU6, STM32U083MCI6, STM32U083MCT6, STM32U083RCI6, STM32U083RCT6, STM32U535CBT6, STM32U535CBT6Q, STM32U535CBU6, STM32U535CBU6Q, STM32U535CCT6, STM32U535CCT6Q, STM32U535CCU6, STM32U535CCU6Q, STM32U535CET6, STM32U535CET6Q, STM32U535CEU6, STM32U535CEU6Q, STM32U535JEY6QTR, STM32U535NCY6QTR, STM32U535NEY6QTR, STM32U535RBI6, STM32U535RBI6Q, STM32U535RBT6, STM32U535RBT6Q, STM32U535RCI6, STM32U535RCI6Q, STM32U535RCT6, STM32U535RCT6Q, STM32U535REI6, STM32U535REI6Q, STM32U535RET6, STM32U535RET6Q, STM32U535VCI6, STM32U535VCI6Q, STM32U535VCT6, STM32U535VCT6Q, STM32U535VEI6, STM32U535VEI6Q, STM32U535VET6, STM32U535VET6Q, STM32U545CET6, STM32U545CET6Q, STM32U545CEU6, STM32U545CEU6Q, STM32U545JEY6QTR, STM32U545NEY6QTR, STM32U545REI6, STM32U545REI6Q, STM32U545RET6, STM32U545RET6Q, STM32U545VEI6, STM32U545VEI6Q, STM32U545VET6, STM32U545VET6Q, STM32U595AIH6, STM32U595AIH6Q, STM32U595AJH6, STM32U595AJH6Q, STM32U595QII6, STM32U595QII6Q, STM32U595QJI6, STM32U595QJI6Q, STM32U595RIT6, STM32U595RIT6Q, STM32U595RJT6, STM32U595RJT6Q, STM32U595VIT6, STM32U595VIT6Q, STM32U595VJT6, STM32U595VJT6Q, STM32U595ZIT6, STM32U595ZIT6Q, STM32U595ZIY6QTR, STM32U595ZJT6, STM32U595ZJT6Q, STM32U595ZJY6QTR, STM32U599BJY6QTR, STM32U599NIH6Q, STM32U599NJH6Q, STM32U599VIT6Q, STM32U599VJT6, STM32U599VJT6Q, STM32U599ZIT6Q, STM32U599ZIY6QTR, STM32U599ZJT6Q, STM32U599ZJY6QTR, STM32U5A5AJH6, STM32U5A5AJH6Q, STM32U5A5QII3Q , STM32U5A5QJI6, STM32U5A5QJI6Q, STM32U5A5RJT6, STM32U5A5RJT6Q, STM32U5A5VJT6, STM32U5A5VJT6Q, STM32U5A5ZJT6, STM32U5A5ZJT6Q, STM32U5A5ZJY6QTR, STM32U5A9BJY6QTR, STM32U5A9J-DK, STM32U5A9NJH6Q, STM32U5A9VJT6Q, STM32U5A9ZJT6Q, STM32U5A9ZJY6QTR, STM32U5F7VIT6, STM32U5F7VIT6Q, STM32U5F7VJT6, STM32U5F7VJT6Q, STM32U5F9BJY6QTR, STM32U5F9NJH6Q, STM32U5F9VIT6Q, STM32U5F9VJT6Q, STM32U5F9ZIJ6QTR, STM32U5F9ZIT6Q, STM32U5F9ZJJ6QTR, STM32U5F9ZJT6Q, STM32U5G7VJT6, STM32U5G7VJT6Q, STM32U5G9BJY6QTR, STM32U5G9J-DK1, STM32U5G9J-DK2, STM32U5G9NJH6Q, STM32U5G9VJT6Q, STM32U5G9ZJJ6QTR, STM32U5G9ZJT6Q, STM32WB1MMCH6, STM32WBA50KEU6, STM32WBA50KEU6TR, STM32WBA50KGU6, STM32WBA50KGU6TR, STM32WBA52CEU6, STM32WBA52CEU6TR, STM32WBA52CEU7, STM32WBA52CEU7TR, STM32WBA52CGU6, STM32WBA52CGU6TR, STM32WBA52CGU6U, STM32WBA52CGU7, STM32WBA52CGU7TR, STM32WBA52KEU6, STM32WBA52KEU6TR, STM32WBA52KGU6, STM32WBA52KGU6TR, STM32WBA54CEU6, STM32WBA54CEU6TR, STM32WBA54CEU7, STM32WBA54CEU7TR, STM32WBA54CGU6, STM32WBA54CGU6TR, STM32WBA54CGU7, STM32WBA54CGU7TR, STM32WBA54KEU6, STM32WBA54KEU6TR, STM32WBA54KEU7, STM32WBA54KEU7TR, STM32WBA54KGU6, STM32WBA54KGU6TR, STM32WBA54KGU7, STM32WBA54KGU7TR, STM32WBA55CEU6, STM32WBA55CEU6TR, STM32WBA55CEU7, STM32WBA55CEU7TR, STM32WBA55CGU6, STM32WBA55CGU6TR, STM32WBA55CGU6U, STM32WBA55CGU7, STM32WBA55CGU7TR, STM32WBA55G-DK1, STM32WBA55HEF6, STM32WBA55HEF7, STM32WBA55HGF6, STM32WBA55HGF7, STM32WBA55UEI6, STM32WBA55UEI6TR, STM32WBA55UEI7, STM32WBA55UEI7TR, STM32WBA55UGI6, STM32WBA55UGI6TR, STM32WBA55UGI7, STM32WBA55UGI7TR, STM32WL5MOCH6, STM32WL5MOCH6TR]
2025-10-20 14:36:35,984 [INFO] BoardInfo:889 - No configuration file found for board B-WBA5M-WPAN
2025-10-20 14:36:35,984 [INFO] DbBoards:161 - Board is not supported: B-WBA5M-WPAN
2025-10-20 14:36:35,988 [INFO] BoardInfo:889 - No configuration file found for board NUCLEO-C051C8
2025-10-20 14:36:35,989 [INFO] DbBoards:161 - Board is not supported: NUCLEO-C051C8
2025-10-20 14:36:35,990 [INFO] BoardInfo:889 - No configuration file found for board NUCLEO-C071RB
2025-10-20 14:36:35,990 [INFO] DbBoards:161 - Board is not supported: NUCLEO-C071RB
2025-10-20 14:36:35,991 [INFO] BoardInfo:889 - No configuration file found for board NUCLEO-C092RC
2025-10-20 14:36:35,992 [INFO] DbBoards:161 - Board is not supported: NUCLEO-C092RC
2025-10-20 14:36:36,072 [INFO] BoardInfo:889 - No configuration file found for board NUCLEO-N657X0-Q
2025-10-20 14:36:36,073 [INFO] DbBoards:161 - Board is not supported: NUCLEO-N657X0-Q
2025-10-20 14:36:36,076 [INFO] BoardInfo:889 - No configuration file found for board NUCLEO-U385RG-Q
2025-10-20 14:36:36,076 [INFO] DbBoards:161 - Board is not supported: NUCLEO-U385RG-Q
2025-10-20 14:36:36,080 [INFO] BoardInfo:889 - No configuration file found for board NUCLEO-WB05KZ
2025-10-20 14:36:36,080 [INFO] DbBoards:161 - Board is not supported: NUCLEO-WB05KZ
2025-10-20 14:36:36,081 [INFO] BoardInfo:889 - No configuration file found for board NUCLEO-WB07CC
2025-10-20 14:36:36,081 [INFO] DbBoards:161 - Board is not supported: NUCLEO-WB07CC
2025-10-20 14:36:36,082 [INFO] BoardInfo:889 - No configuration file found for board NUCLEO-WB09KE
2025-10-20 14:36:36,082 [INFO] DbBoards:161 - Board is not supported: NUCLEO-WB09KE
2025-10-20 14:36:36,087 [INFO] BoardInfo:889 - No configuration file found for board NUCLEO-WBA65RI
2025-10-20 14:36:36,088 [INFO] DbBoards:161 - Board is not supported: NUCLEO-WBA65RI
2025-10-20 14:36:36,089 [INFO] BoardInfo:889 - No configuration file found for board NUCLEO-WL33CC1
2025-10-20 14:36:36,089 [INFO] DbBoards:161 - Board is not supported: NUCLEO-WL33CC1
2025-10-20 14:36:36,090 [INFO] BoardInfo:889 - No configuration file found for board NUCLEO-WL33CC2
2025-10-20 14:36:36,090 [INFO] DbBoards:161 - Board is not supported: NUCLEO-WL33CC2
2025-10-20 14:36:36,095 [INFO] BoardInfo:889 - No configuration file found for board P-NUCLEO-WB55
2025-10-20 14:36:36,095 [INFO] DbBoards:161 - Kit is not supported: P-NUCLEO-WB55
2025-10-20 14:36:36,100 [INFO] BoardInfo:889 - No configuration file found for board STEVAL-BFA001V1B
2025-10-20 14:36:36,100 [INFO] DbBoards:161 - Kit is not supported: STEVAL-BFA001V1B
2025-10-20 14:36:36,101 [INFO] BoardInfo:889 - No configuration file found for board STEVAL-BFA001V2B
2025-10-20 14:36:36,101 [INFO] DbBoards:161 - Kit is not supported: STEVAL-BFA001V2B
2025-10-20 14:36:36,200 [INFO] BoardInfo:889 - No configuration file found for board STM32MP257F-DK
2025-10-20 14:36:36,200 [INFO] DbBoards:161 - Board is not supported: STM32MP257F-DK
2025-10-20 14:36:36,201 [INFO] BoardInfo:889 - No configuration file found for board STM32MP257F-EV1
2025-10-20 14:36:36,201 [INFO] DbBoards:161 - Board is not supported: STM32MP257F-EV1
2025-10-20 14:36:36,202 [INFO] BoardInfo:889 - No configuration file found for board STM32N6570-DK
2025-10-20 14:36:36,202 [INFO] DbBoards:161 - Board is not supported: STM32N6570-DK
2025-10-20 14:36:36,212 [INFO] BoardInfo:889 - No configuration file found for board STM32WBA65I-DK1
2025-10-20 14:36:36,212 [INFO] DbBoards:161 - Board is not supported: STM32WBA65I-DK1
2025-10-20 14:36:36,212 [INFO] DbBoards:168 - Found 211 boards, 192 are supported
2025-10-20 14:36:36,212 [INFO] DbBoards:169 - Found 211 boards, 8 of them is supported for  Bsp
2025-10-20 14:36:36,214 [INFO] ApiDb:414 - User favorites file not found: C:\Users\1735593/.stm32cubeide/favorites.boards.txt
2025-10-20 14:36:36,214 [INFO] DbBoards:198 - Set 0 / 0 favorites Boards
2025-10-20 14:36:36,216 [INFO] ApiDb:668 - CubeFinder database Data Model version=2.1
2025-10-20 14:36:36,216 [INFO] ApiDb:669 - CubeFinder database Configuration version=3.0.39
2025-10-20 14:36:36,216 [INFO] ApiDb:670 - CubeFinder database generation date=2025-08-25 (1756130511)
2025-10-20 14:36:36,216 [INFO] ApiDb:671 - CubeFinder database FW Pack versions=[FP-ATR-ASTRA1_V2.0.0, FP-SNS-FLIGHT1_V5.1.0, FP-SNS-MOTENV1_V5.0.0, FP-SNS-MOTENVWB1_V1.4.0, FP-SNS-SMARTAG2_V1.2.0, FP-SNS-STBOX1_V2.1.0, STM32Cube_FW_C0_V1.4.0, STM32Cube_FW_F4_V1.28.3, STM32Cube_FW_F7_V1.17.4, STM32Cube_FW_G0_V1.6.2, STM32Cube_FW_G4_V1.6.1, STM32Cube_FW_H5_V1.5.0, STM32Cube_FW_H7RS_V1.2.0, STM32Cube_FW_H7_V1.12.1, STM32Cube_FW_L0_V1.12.2, STM32Cube_FW_L4_V1.18.1, STM32Cube_FW_L5_V1.5.1, STM32Cube_FW_N6_V1.2.0, STM32Cube_FW_U0_V1.3.0, STM32Cube_FW_U3_V1.2.0, STM32Cube_FW_U5_V1.8.0, STM32Cube_FW_WB0_V1.3.0, STM32Cube_FW_WBA_V1.7.0, STM32Cube_FW_WB_V1.23.0, STM32Cube_FW_WL3_V1.2.0, STM32Cube_FW_WL_V1.3.1, X-CUBE-ALGOBUILD_V1.4.0, X-CUBE-ALS_V1.0.2, X-CUBE-AZRTOS-F4_V1.1.0, X-CUBE-AZRTOS-F7_V1.1.0, X-CUBE-AZRTOS-G0_V1.1.0, X-CUBE-AZRTOS-G4_V2.0.0, X-CUBE-AZRTOS-H7RS_V1.1.0, X-CUBE-AZRTOS-H7_V3.4.0, X-CUBE-AZRTOS-L4_V2.0.0, X-CUBE-AZRTOS-L5_V2.0.0, X-CUBE-AZRTOS-WB_V2.0.0, X-CUBE-AZRTOS-WL_V2.0.0, X-CUBE-BLE1_V7.1.0, X-CUBE-BLE2_V3.3.0, X-CUBE-BLEMGR_V4.1.0, X-CUBE-EEPRMA1_V5.2.0, X-CUBE-FREERTOS_V1.3.1, X-CUBE-GNSS1_V6.0.0, X-CUBE-MEMS1_V11.3.0, X-CUBE-NFC4_V3.0.0, X-CUBE-NFC7_V2.0.0, X-CUBE-SFXS2LP1_V4.0.0, X-CUBE-ST67W61_V1.0.0, X-CUBE-SUBG2_V5.0.0, X-CUBE-TOF1_V3.4.3]
2025-10-20 14:36:36,836 [ERROR] DbExamplesSqlite:437 - Missing JSON key: board_cpn
2025-10-20 14:36:36,836 [ERROR] DbExamplesSqlite:437 - Missing JSON key: board_cpn
2025-10-20 14:36:36,836 [ERROR] DbExamplesSqlite:437 - Missing JSON key: board_cpn
2025-10-20 14:36:36,837 [ERROR] DbExamplesSqlite:437 - Missing JSON key: board_cpn
2025-10-20 14:36:37,107 [ERROR] DbExamplesSqlite:437 - Missing JSON key: board_cpn
2025-10-20 14:36:37,107 [ERROR] DbExamplesSqlite:437 - Missing JSON key: board_cpn
2025-10-20 14:36:37,110 [INFO] DbExamplesSqlite:395 - Ignored 33 examples not supported by CubeIDE
2025-10-20 14:36:37,110 [INFO] DbExamplesSqlite:396 - Found 10871 examples active
2025-10-20 14:36:37,110 [INFO] DbExamplesSqlite:397 - Found 0 examples obsolete
2025-10-20 14:36:37,110 [INFO] DbExamplesSqlite:398 - Found 0 examples under development
2025-10-20 14:36:37,110 [INFO] DbExamplesSqlite:399 - Found 65 examples not building
2025-10-20 14:36:37,113 [INFO] DbExamples:125 - Found 10903 examples
2025-10-20 14:36:37,129 [INFO] DbExamples:222 - Found 134 boards with related examples
2025-10-20 14:36:37,130 [INFO] DbExamples:235 - Found 111 MCUs with related examples
2025-10-20 14:36:37,149 [INFO] ApiDb:414 - User favorites file not found: C:\Users\1735593/.stm32cubeide/favorites.examples.txt
2025-10-20 14:36:37,149 [INFO] DbExamples:250 - Set 0 / 0 favorites Examples
2025-10-20 14:36:37,690 [INFO] McuFinderGlobals:76 - Set McuFinderConnectedMode to true
2025-10-20 14:36:37,700 [INFO] MultiScanPanel:200 - Auto-refresh data requested => check proxy status ongoing
2025-10-20 14:36:37,702 [INFO] FinderPluginLoader:95 - Searching for filters in installed packs
2025-10-20 14:36:39,116 [INFO] LoadUrlFilesThread:185 - End of LoadServerUrlFiles without Thread
2025-10-20 14:36:39,127 [INFO] DetailPanel:341 - Set advertising image to C:/Users/1735593/STM32Cube/Repository/\en.mcu-finder-stm32n6dk.jpg
2025-10-20 14:57:49,787 [INFO] MainUpdater:2873 - connection check result : 10
2025-10-20 14:57:49,787 [INFO] MainUpdater:2873 - connection check result : 10
2025-10-20 14:57:49,835 [INFO] MicroXplorer:468 - Change Database Path : 
2025-10-20 14:57:49,835 [INFO] MicroXplorer:498 - Change Database Version : DB.6.0.111
2025-10-20 14:57:49,841 [WARN] ThirdParty:871 - waiting for thirdparty lock release [close project]
2025-10-20 14:57:49,841 [INFO] ThirdParty:873 - entering critical section [close project]
2025-10-20 14:57:49,842 [INFO] ThirdParty:883 - exiting critical section [close project]
2025-10-20 14:57:49,843 [INFO] PinOutPanel:1561 - setPackage(No Configuration,No Configuration)
2025-10-20 14:57:49,851 [INFO] UtilMem:75 - Begin LoadConfig() Used Memory: 847157264 Bytes (1073741824)
2025-10-20 14:57:49,855 [INFO] MicroXplorer:468 - Change Database Path : 
2025-10-20 14:57:49,856 [INFO] MicroXplorer:498 - Change Database Version : DB.6.0.111
2025-10-20 14:57:49,857 [INFO] OpenFileManager:312 - Change cursor
2025-10-20 14:57:50,065 [INFO] Mcu:2021 - Initializing MCU STM32F103CBTx STM32F103CBTx STM32F103CBT6
2025-10-20 14:57:51,109 [INFO] Context:663 - Trying to add GPIOservice into a context  which must be forbidden
2025-10-20 14:57:51,325 [INFO] ImportTextPane:194 - (OptionalMessage_ERROR) Unable to find key (Mcu.ThirdPartyNb) in loaded IOC file
2025-10-20 14:57:51,326 [INFO] ImportTextPane:194 - (OptionalMessage_ERROR) Unable to find key (Mcu.PinsNb) in loaded IOC file
2025-10-20 14:57:51,326 [INFO] ImportTextPane:194 - (OptionalMessage_ERROR) Unable to find key (Mcu.IPNb) in loaded IOC file
2025-10-20 14:57:51,387 [INFO] RtosManager:555 - Registered RTOS mode: class=CMSIS, group=RTOS, mode=CMSIS_V1, owner=FREERTOS
2025-10-20 14:57:51,388 [INFO] RtosManager:555 - Registered RTOS mode: class=CMSIS, group=RTOS2, mode=CMSIS_V2, owner=FREERTOS
2025-10-20 14:57:51,388 [INFO] RtosManager:555 - Registered RTOS mode: class=RTOS, group=Core, mode=CMSIS_V1, owner=FREERTOS
2025-10-20 14:57:51,388 [INFO] RtosManager:555 - Registered RTOS mode: class=RTOS, group=Core, mode=CMSIS_V2, owner=FREERTOS
2025-10-20 14:57:51,388 [WARN] ModelIntegratedComponent:184 - Missing modes for component STMicroelectronics:FreeRTOS:0.0.1:STMicroelectronics:RTOS:FreeRTOS:Core:::10.2.0:
2025-10-20 14:57:51,404 [WARN] ModelIntegratedComponent:63 - No mode defined for component null
2025-10-20 14:57:51,405 [WARN] ModelIntegratedComponent:63 - No mode defined for component null
2025-10-20 14:57:51,405 [WARN] ModelIntegratedComponent:63 - No mode defined for component null
2025-10-20 14:57:51,405 [WARN] ModelIntegratedComponent:63 - No mode defined for component null
2025-10-20 14:57:51,405 [WARN] ModelIntegratedComponent:63 - No mode defined for component null
2025-10-20 14:57:51,405 [WARN] ModelIntegratedComponent:63 - No mode defined for component null
2025-10-20 14:57:51,405 [WARN] ModelIntegratedComponent:63 - No mode defined for component null
2025-10-20 14:57:51,405 [WARN] ModelIntegratedComponent:63 - No mode defined for component null
2025-10-20 14:57:51,405 [WARN] ModelIntegratedComponent:63 - No mode defined for component null
2025-10-20 14:57:51,405 [WARN] ModelIntegratedComponent:63 - No mode defined for component null
2025-10-20 14:57:51,405 [WARN] ModelIntegratedComponent:63 - No mode defined for component null
2025-10-20 14:57:51,405 [WARN] ModelIntegratedComponent:63 - No mode defined for component null
2025-10-20 14:57:51,405 [WARN] ModelIntegratedComponent:63 - No mode defined for component null
2025-10-20 14:57:51,405 [WARN] ModelIntegratedComponent:63 - No mode defined for component null
2025-10-20 14:57:51,405 [WARN] ModelIntegratedComponent:63 - No mode defined for component null
2025-10-20 14:57:51,405 [WARN] ModelIntegratedComponent:63 - No mode defined for component null
2025-10-20 14:57:51,405 [WARN] ModelIntegratedComponent:63 - No mode defined for component null
2025-10-20 14:57:51,405 [WARN] ModelIntegratedComponent:63 - No mode defined for component null
2025-10-20 14:57:51,405 [WARN] ModelIntegratedComponent:63 - No mode defined for component null
2025-10-20 14:57:51,405 [WARN] ModelIntegratedComponent:63 - No mode defined for component null
2025-10-20 14:57:51,405 [WARN] ModelIntegratedComponent:63 - No mode defined for component null
2025-10-20 14:57:51,405 [WARN] ModelIntegratedComponent:63 - No mode defined for component null
2025-10-20 14:57:51,405 [WARN] ModelIntegratedComponent:63 - No mode defined for component null
2025-10-20 14:57:51,405 [WARN] ModelIntegratedComponent:63 - No mode defined for component null
2025-10-20 14:57:51,406 [WARN] ModelIntegratedComponent:63 - No mode defined for component null
2025-10-20 14:57:51,406 [WARN] ModelIntegratedComponent:63 - No mode defined for component null
2025-10-20 14:57:51,406 [WARN] ModelIntegratedComponent:63 - No mode defined for component null
2025-10-20 14:57:51,406 [WARN] ModelIntegratedComponent:63 - No mode defined for component null
2025-10-20 14:57:51,406 [WARN] ModelIntegratedComponent:63 - No mode defined for component null
2025-10-20 14:57:51,406 [WARN] ModelIntegratedComponent:63 - No mode defined for component null
2025-10-20 14:57:51,406 [WARN] ModelIntegratedComponent:63 - No mode defined for component null
2025-10-20 14:57:51,406 [WARN] ModelIntegratedComponent:63 - No mode defined for component null
2025-10-20 14:57:51,406 [WARN] ModelIntegratedComponent:63 - No mode defined for component null
2025-10-20 14:57:51,406 [WARN] ModelIntegratedComponent:63 - No mode defined for component null
2025-10-20 14:57:51,558 [INFO] ThirdPartyModel:298 - Start build external matchings
2025-10-20 14:57:51,939 [INFO] ThirdPartyModel:316 - End build external matchings
2025-10-20 14:57:52,177 [INFO] UtilMem:75 - End LoadConfig() Used Memory: 916559016 Bytes (1073741824)
2025-10-20 14:57:52,230 [WARN] ThirdParty:833 - waiting for thirdparty lock release [change project]
2025-10-20 14:57:52,231 [INFO] ThirdParty:835 - entering critical section [change project]
2025-10-20 14:57:52,232 [INFO] ThirdParty:1030 - CMSIS Pack Vendor :STMicroelectronics X-CUBE-PM33A1 1.0.0
2025-10-20 14:57:52,232 [INFO] ThirdParty:1030 - CMSIS Pack Vendor :STMicroelectronics USBPD 4.1
2025-10-20 14:57:52,232 [INFO] ThirdParty:1030 - CMSIS Pack Vendor :STMicroelectronics X-CUBE-NFC9 1.0.0
2025-10-20 14:57:52,232 [INFO] ThirdParty:1030 - CMSIS Pack Vendor :STMicroelectronics USB_HOST 2.0.0
2025-10-20 14:57:52,232 [INFO] ThirdParty:1030 - CMSIS Pack Vendor :STMicroelectronics FP-SNS-MOTENVWB1 1.4.0
2025-10-20 14:57:52,232 [INFO] ThirdParty:1030 - CMSIS Pack Vendor :STMicroelectronics X-CUBE-AZRTOS-F4 1.1.0
2025-10-20 14:57:52,232 [INFO] ThirdParty:1030 - CMSIS Pack Vendor :STMicroelectronics LIBJPEG 8.0.0
2025-10-20 14:57:52,232 [INFO] ThirdParty:1030 - CMSIS Pack Vendor :STMicroelectronics FP-ATR-ASTRA1 2.0.2
2025-10-20 14:57:52,232 [INFO] ThirdParty:1030 - CMSIS Pack Vendor :wolfSSL I-CUBE-wolfSSL 5.8.2
2025-10-20 14:57:52,232 [INFO] ThirdParty:1030 - CMSIS Pack Vendor :STMicroelectronics X-CUBE-BLE1 7.1.0
2025-10-20 14:57:52,232 [INFO] ThirdParty:1030 - CMSIS Pack Vendor :STMicroelectronics X-CUBE-SMBUS 2.1.0
2025-10-20 14:57:52,232 [INFO] ThirdParty:1030 - CMSIS Pack Vendor :wolfSSL I-CUBE-wolfMQTT 1.19.2
2025-10-20 14:57:52,232 [INFO] ThirdParty:1030 - CMSIS Pack Vendor :STMicroelectronics USB_DEVICE 3.0.0
2025-10-20 14:57:52,233 [INFO] ThirdParty:1030 - CMSIS Pack Vendor :STMicroelectronics X-CUBE-ISPU 2.1.0
2025-10-20 14:57:52,233 [INFO] ThirdParty:1030 - CMSIS Pack Vendor :STMicroelectronics X-CUBE-EEPRMA1 5.2.0
2025-10-20 14:57:52,233 [INFO] ThirdParty:1030 - CMSIS Pack Vendor :STMicroelectronics X-CUBE-AZRTOS-WB 2.0.0
2025-10-20 14:57:52,233 [INFO] ThirdParty:1030 - CMSIS Pack Vendor :STMicroelectronics X-CUBE-GNSS1 7.0.1
2025-10-20 14:57:52,233 [INFO] ThirdParty:1030 - CMSIS Pack Vendor :STMicroelectronics X-CUBE-NFC12 1.0.0
2025-10-20 14:57:52,233 [INFO] ThirdParty:1030 - CMSIS Pack Vendor :STMicroelectronics X-CUBE-AZRTOS-F7 1.1.0
2025-10-20 14:57:52,233 [INFO] ThirdParty:1030 - CMSIS Pack Vendor :STMicroelectronics X-CUBE-AZRTOS-L5 2.0.0
2025-10-20 14:57:52,233 [INFO] ThirdParty:1030 - CMSIS Pack Vendor :STMicroelectronics USB_DEVICE 2.0.0
2025-10-20 14:57:52,233 [INFO] ThirdParty:1030 - CMSIS Pack Vendor :STMicroelectronics X-CUBE-NFC6 3.1.0
2025-10-20 14:57:52,233 [INFO] ThirdParty:1030 - CMSIS Pack Vendor :quantropi X-CUBE-qispace-sdk-base 2.1.0
2025-10-20 14:57:52,233 [INFO] ThirdParty:1030 - CMSIS Pack Vendor :STMicroelectronics FreeRTOS 0.0.1
2025-10-20 14:57:52,234 [INFO] ThirdParty:1030 - CMSIS Pack Vendor :STMicroelectronics X-CUBE-AZRTOS-G0 1.1.0
2025-10-20 14:57:52,234 [INFO] ThirdParty:1030 - CMSIS Pack Vendor :STMicroelectronics X-CUBE-SAFEA1 1.2.2
2025-10-20 14:57:52,234 [INFO] ThirdParty:1030 - CMSIS Pack Vendor :STMicroelectronics X-CUBE-NFC4 3.0.0
2025-10-20 14:57:52,234 [INFO] ThirdParty:1030 - CMSIS Pack Vendor :STMicroelectronics X-CUBE-SUBG2 5.0.0
2025-10-20 14:57:52,234 [INFO] ThirdParty:1030 - CMSIS Pack Vendor :STMicroelectronics X-CUBE-AZRTOS-H7RS 1.1.0
2025-10-20 14:57:52,234 [INFO] ThirdParty:1030 - CMSIS Pack Vendor :STMicroelectronics STM32_WPAN 1.0.0
2025-10-20 14:57:52,234 [INFO] ThirdParty:1030 - CMSIS Pack Vendor :EmbeddedOffice I-CUBE-FS-RTOS 1.0.1
2025-10-20 14:57:52,234 [INFO] ThirdParty:1030 - CMSIS Pack Vendor :STMicroelectronics lwIP 2.0.3
2025-10-20 14:57:52,234 [INFO] ThirdParty:1030 - CMSIS Pack Vendor :STMicroelectronics USB_HOST 1.0.0
2025-10-20 14:57:52,234 [INFO] ThirdParty:1030 - CMSIS Pack Vendor :Infineon AIROC-Wi-Fi-Bluetooth-STM32 1.7.1
2025-10-20 14:57:52,234 [INFO] ThirdParty:1030 - CMSIS Pack Vendor :STMicroelectronics X-CUBE-AZRTOS-G4 2.0.0
2025-10-20 14:57:52,234 [INFO] ThirdParty:1030 - CMSIS Pack Vendor :STMicroelectronics X-CUBE-WB05N 2.0.0
2025-10-20 14:57:52,234 [INFO] ThirdParty:1030 - CMSIS Pack Vendor :STMicroelectronics PDM2PCM 3.1.0
2025-10-20 14:57:52,234 [INFO] ThirdParty:1030 - CMSIS Pack Vendor :STMicroelectronics PDM2PCM 3.3.0
2025-10-20 14:57:52,234 [INFO] ThirdParty:1030 - CMSIS Pack Vendor :wolfSSL I-CUBE-wolfTPM 3.8.0
2025-10-20 14:57:52,234 [INFO] ThirdParty:1030 - CMSIS Pack Vendor :STMicroelectronics X-CUBE-AZRTOS-H7 3.4.0
2025-10-20 14:57:52,234 [INFO] ThirdParty:1030 - CMSIS Pack Vendor :STMicroelectronics X-CUBE-DISPLAY 3.0.0
2025-10-20 14:57:52,234 [INFO] ThirdParty:1030 - CMSIS Pack Vendor :wolfSSL I-CUBE-wolfSSH 1.4.20
2025-10-20 14:57:52,234 [INFO] ThirdParty:1030 - CMSIS Pack Vendor :STMicroelectronics X-CUBE-NFC7 2.0.0
2025-10-20 14:57:52,234 [INFO] ThirdParty:1030 - CMSIS Pack Vendor :RealThread X-CUBE-RT-Thread_Nano 4.1.1
2025-10-20 14:57:52,234 [INFO] ThirdParty:1030 - CMSIS Pack Vendor :STMicroelectronics FP-ATR-SIGFOX1 3.2.0
2025-10-20 14:57:52,234 [INFO] ThirdParty:1030 - CMSIS Pack Vendor :STMicroelectronics X-CUBE-NFC10 1.0.0
2025-10-20 14:57:52,235 [INFO] ThirdParty:1030 - CMSIS Pack Vendor :STMicroelectronics X-CUBE-FREERTOS 1.3.1
2025-10-20 14:57:52,235 [INFO] ThirdParty:1030 - CMSIS Pack Vendor :STMicroelectronics HAL Drivers 0.0.0
2025-10-20 14:57:52,235 [INFO] ThirdParty:1030 - CMSIS Pack Vendor :STMicroelectronics MBEDTLS 2.16.2
2025-10-20 14:57:52,235 [INFO] ThirdParty:1030 - CMSIS Pack Vendor :STMicroelectronics X-CUBE-ALS 1.0.2
2025-10-20 14:57:52,235 [INFO] ThirdParty:1030 - CMSIS Pack Vendor :emotas I-CUBE-CANOPEN 1.3.0
2025-10-20 14:57:52,235 [INFO] ThirdParty:1030 - CMSIS Pack Vendor :STMicroelectronics MBEDTLS 2.14.1
2025-10-20 14:57:52,235 [INFO] ThirdParty:1030 - CMSIS Pack Vendor :ITTIA_DB I-CUBE-ITTIADB 8.9.0
2025-10-20 14:57:52,235 [INFO] ThirdParty:1030 - CMSIS Pack Vendor :STMicroelectronics X-CUBE-TOUCHGFX 4.26.0
2025-10-20 14:57:52,235 [INFO] ThirdParty:1030 - CMSIS Pack Vendor :STMicroelectronics X-CUBE-STSE01 1.0.0
2025-10-20 14:57:52,235 [INFO] ThirdParty:1030 - CMSIS Pack Vendor :STMicroelectronics X-CUBE-AI 10.2.0
2025-10-20 14:57:52,235 [INFO] ThirdParty:1030 - CMSIS Pack Vendor :STMicroelectronics ThreadX 1.0.0
2025-10-20 14:57:52,235 [INFO] ThirdParty:1030 - CMSIS Pack Vendor :STMicroelectronics FP-SNS-SMARTAG2 1.2.0
2025-10-20 14:57:52,235 [INFO] ThirdParty:1030 - CMSIS Pack Vendor :STMicroelectronics X-CUBE-AZRTOS-WL 2.0.0
2025-10-20 14:57:52,235 [INFO] ThirdParty:1030 - CMSIS Pack Vendor :SEGGER I-CUBE-embOS 1.3.1
2025-10-20 14:57:52,235 [INFO] ThirdParty:1030 - CMSIS Pack Vendor :STMicroelectronics X-CUBE-ALGOBUILD 1.4.0
2025-10-20 14:57:52,235 [INFO] ThirdParty:1030 - CMSIS Pack Vendor :STMicroelectronics X-CUBE-DPower 1.3.0
2025-10-20 14:57:52,235 [INFO] ThirdParty:1030 - CMSIS Pack Vendor :STMicroelectronics X-CUBE-MEMS1 11.3.0
2025-10-20 14:57:52,235 [INFO] ThirdParty:1030 - CMSIS Pack Vendor :STMicroelectronics FP-SNS-MOTENV1 5.0.0
2025-10-20 14:57:52,235 [INFO] ThirdParty:1030 - CMSIS Pack Vendor :STMicroelectronics USB_DEVICE 1.0.0
2025-10-20 14:57:52,235 [INFO] ThirdParty:1030 - CMSIS Pack Vendor :STMicroelectronics X-CUBE-AZRTOS-L4 2.0.0
2025-10-20 14:57:52,235 [INFO] ThirdParty:1030 - CMSIS Pack Vendor :STMicroelectronics ThreadX 0.0.2
2025-10-20 14:57:52,235 [INFO] ThirdParty:1030 - CMSIS Pack Vendor :STMicroelectronics lwIP 2.1.2
2025-10-20 14:57:52,235 [INFO] ThirdParty:1030 - CMSIS Pack Vendor :STMicroelectronics X-CUBE-SFXS2LP1 4.0.0
2025-10-20 14:57:52,235 [INFO] ThirdParty:1030 - CMSIS Pack Vendor :STMicroelectronics X-CUBE-BLE2 3.3.0
2025-10-20 14:57:52,236 [INFO] ThirdParty:1030 - CMSIS Pack Vendor :STMicroelectronics PDM2PCM 3.2.0
2025-10-20 14:57:52,236 [INFO] ThirdParty:841 - exiting critical section [change project]
2025-10-20 14:57:52,513 [INFO] PinOutPanel:1561 - setPackage(No Configuration,No Configuration)
2025-10-20 14:57:52,514 [INFO] PinOutPanel:1561 - setPackage(STM32F103CBTx,LQFP48)
2025-10-20 14:57:53,015 [INFO] UtilMem:75 - Before build in PCC Used Memory: 686145568 Bytes (1073741824)
2025-10-20 14:57:53,801 [INFO] UtilMem:75 - After build in PCC Used Memory: 780517424 Bytes (1073741824)
2025-10-20 14:57:53,824 [INFO] IPUIPlugin:80 - create IPUIPlugin
2025-10-20 14:57:53,824 [INFO] IPUIPlugin:80 - create IPUIPlugin
2025-10-20 14:57:53,825 [INFO] IPUIPlugin:80 - create IPUIPlugin
2025-10-20 14:57:53,825 [INFO] IPUIPlugin:80 - create IPUIPlugin
2025-10-20 14:57:53,825 [INFO] IPUIPlugin:80 - create IPUIPlugin
2025-10-20 14:57:53,825 [INFO] IPUIPlugin:80 - create IPUIPlugin
2025-10-20 14:57:53,825 [INFO] IPUIPlugin:80 - create IPUIPlugin
2025-10-20 14:57:53,825 [INFO] IPUIPlugin:80 - create IPUIPlugin
2025-10-20 14:57:53,825 [INFO] IPUIPlugin:80 - create IPUIPlugin
2025-10-20 14:57:53,825 [INFO] IPUIPlugin:80 - create IPUIPlugin
2025-10-20 14:57:53,825 [INFO] IPUIPlugin:80 - create IPUIPlugin
2025-10-20 14:57:53,826 [INFO] IPUIPlugin:80 - create IPUIPlugin
2025-10-20 14:57:53,826 [INFO] IPUIPlugin:80 - create IPUIPlugin
2025-10-20 14:57:53,826 [INFO] IPUIPlugin:80 - create IPUIPlugin
2025-10-20 14:57:53,826 [INFO] IPUIPlugin:80 - create IPUIPlugin
2025-10-20 14:57:53,826 [INFO] IPUIPlugin:80 - create IPUIPlugin
2025-10-20 14:57:53,826 [INFO] IPUIPlugin:80 - create IPUIPlugin
2025-10-20 14:57:53,826 [INFO] IPUIPlugin:80 - create IPUIPlugin
2025-10-20 14:57:53,827 [INFO] IPUIPlugin:80 - create IPUIPlugin
2025-10-20 14:57:53,827 [INFO] IPUIPlugin:80 - create IPUIPlugin
2025-10-20 14:57:53,827 [INFO] IPUIPlugin:80 - create IPUIPlugin
2025-10-20 14:57:53,827 [INFO] IPUIPlugin:80 - create IPUIPlugin
2025-10-20 14:57:53,827 [INFO] IPUIPlugin:80 - create IPUIPlugin
2025-10-20 14:57:53,827 [INFO] IPUIPlugin:80 - create IPUIPlugin
2025-10-20 14:57:53,828 [INFO] IPUIPlugin:80 - create IPUIPlugin
2025-10-20 14:57:53,828 [INFO] IPUIPlugin:80 - create IPUIPlugin
2025-10-20 14:57:53,828 [INFO] IPUIPlugin:80 - create IPUIPlugin
2025-10-20 14:57:53,995 [INFO] CADModel:165 - CPN selected for project levelSTM32F103CBT6
2025-10-20 14:57:53,996 [INFO] CADModel:114 - Register for checkConnection events
2025-10-20 14:57:54,043 [INFO] OpenFileManager:343 - Restore cursor
2025-10-20 14:57:58,109 [INFO] UtilMem:75 - End SaveConfig() Used Memory: 868597792 Bytes (1073741824)
2025-10-20 14:57:58,483 [INFO] ServerAccessManage:473 - Download File stm32cube_fw_f1_v180.zip
2025-10-20 14:58:01,594 [ERROR] FileExtend:455 - File entry not found
2025-10-20 14:58:01,595 [INFO] FileExtend:240 - Unzip File : stm32cube_fw_f1_v180.zip
2025-10-20 14:58:01,595 [INFO] FileExtend:255 - Standard Zip Deflate
2025-10-20 14:59:03,090 [INFO] ServerAccessManage:473 - Download File stm32cube_fw_f1_v186.zip
2025-10-20 14:59:05,503 [INFO] FileExtend:240 - Unzip File : stm32cube_fw_f1_v186.zip
2025-10-20 14:59:05,503 [INFO] FileExtend:255 - Standard Zip Deflate
2025-10-20 14:59:21,325 [WARN] LoadServerPackagesThread:1331 - Error 1st try while moving folder into repository: C:\Users\1735593\STM32Cube\Repository\STM32Cube_FW_F1_V1.8.6
2025-10-20 14:59:26,363 [INFO] LoadServerPackagesThread:196 - End of LoadServerPackages Thread
2025-10-20 14:59:26,580 [INFO] ThirdPartyModel:298 - Start build external matchings
2025-10-20 14:59:26,590 [INFO] UtilMem:75 - End SaveConfig() Used Memory: 949943392 Bytes (1073741824)
2025-10-20 14:59:27,076 [INFO] ThirdPartyModel:316 - End build external matchings
2025-10-20 14:59:27,083 [INFO] CheckServerUpdateThread:120 - End of CheckServer Thread
2025-10-20 14:59:27,431 [INFO] BlockDiagram:2759 - set Specific Code input for plugin: NVIC
2025-10-20 14:59:27,431 [INFO] BlockDiagram:2759 - set Specific Code input for plugin: RCC
2025-10-20 14:59:27,432 [INFO] CodeGenerator:807 - code generatio: config db path: C:\ST\STM32CubeIDE_1.15.1\STM32CubeIDE\plugins\com.st.stm32cube.common.mx_6.11.1.202404110753\\db\
2025-10-20 14:59:27,678 [INFO] CodeEngine:255 - oldGeneratedFile, C:\cube\Noiseux_S\MXTmpFiles\license.tmp_save
2025-10-20 14:59:28,175 [INFO] CodeEngine:279 - Generated code: C:\cube\Noiseux_S\MXTmpFiles\license.tmp
2025-10-20 14:59:28,236 [INFO] CodeEngine:255 - oldGeneratedFile, C:\cube\Noiseux_S\Core\Src\stm32f1xx_it.c_save
2025-10-20 14:59:28,454 [INFO] CodeEngine:279 - Generated code: C:\cube\Noiseux_S\Core\Src\stm32f1xx_it.c
2025-10-20 14:59:28,474 [INFO] CodeEngine:255 - oldGeneratedFile, C:\cube\Noiseux_S\Core\Inc\stm32f1xx_it.h_save
2025-10-20 14:59:28,609 [INFO] CodeEngine:279 - Generated code: C:\cube\Noiseux_S\Core\Inc\stm32f1xx_it.h
2025-10-20 14:59:28,804 [INFO] CodeEngine:255 - oldGeneratedFile, C:\cube\Noiseux_S\Core\Src\stm32f1xx_hal_msp.c_save
2025-10-20 14:59:28,978 [INFO] CodeEngine:279 - Generated code: C:\cube\Noiseux_S\Core\Src\stm32f1xx_hal_msp.c
2025-10-20 14:59:29,012 [INFO] CodeEngine:255 - oldGeneratedFile, C:\cube\Noiseux_S\MXTmpFiles\system.tmp_save
2025-10-20 14:59:29,092 [INFO] CodeEngine:279 - Generated code: C:\cube\Noiseux_S\MXTmpFiles\system.tmp
2025-10-20 14:59:29,122 [INFO] CodeEngine:311 - oldGeneratedFile, C:\cube\Noiseux_S\Core\Inc\stm32f1xx_hal_conf.h_save
2025-10-20 14:59:29,266 [INFO] CodeEngine:335 - Generated code: C:\cube\Noiseux_S\Core\Inc\stm32f1xx_hal_conf.h
2025-10-20 14:59:29,351 [INFO] CodeEngine:255 - oldGeneratedFile, C:\cube\Noiseux_S\Core\Inc\main.h_save
2025-10-20 14:59:29,496 [INFO] CodeEngine:279 - Generated code: C:\cube\Noiseux_S\Core\Inc\main.h
2025-10-20 14:59:29,514 [INFO] CodeEngine:255 - oldGeneratedFile, C:\cube\Noiseux_S\Core\Src\main.c_save
2025-10-20 14:59:29,715 [INFO] CodeEngine:279 - Generated code: C:\cube\Noiseux_S\Core\Src\main.c
2025-10-20 14:59:30,008 [INFO] ProjectBuilder:3163 - Time for Copy HAL[1] : 101mS.
2025-10-20 14:59:30,015 [INFO] ProjectBuilder:4736 - Project Generator version: 4.3.0-B58
2025-10-20 14:59:30,129 [INFO] ConfigFileManager:1503 - The Die is : DIE410
2025-10-20 14:59:30,159 [INFO] ApiDbMcu:508 - Load IP Config File for FATFS
2025-10-20 14:59:30,190 [INFO] ApiDbMcu:508 - Load IP Config File for FREERTOS
2025-10-20 14:59:30,227 [INFO] ApiDbMcu:508 - Load IP Config File for USB_DEVICE
2025-10-20 14:59:31,169 [INFO] LogOutputStream:77 - [STDOUT_REDIRECT] 
2025-10-20 14:59:42,432 [INFO] ProjectBuilder:5002 - Time for Generating toolchain IDE Files: 12417mS.
2025-10-20 14:59:42,432 [INFO] ProjectBuilder:3034 - Time for Copy CMSIS : 0mS.
2025-10-20 14:59:42,434 [INFO] ProjectBuilder:3034 - Time for Copy CMSIS : 0mS.
2025-10-20 14:59:43,948 [INFO] McuFinderGlobals:76 - Set McuFinderConnectedMode to true
2025-10-20 14:59:43,955 [INFO] ApiDb:448 - Save user favorites file C:\Users\1735593/.stm32cubeide/favorites.mcus.txt: 0 item(s)
2025-10-20 14:59:43,955 [INFO] ApiDb:452 - User favorites MCUs=[]
2025-10-20 15:03:58,205 [INFO] DmaTabbedPanel:205 - Cannot restore the selected Tab for DMA
2025-10-20 15:04:30,161 [INFO] Gpio:277 - dependency for GPIO [RCC]
2025-10-20 15:04:49,837 [INFO] Gpio:277 - dependency for GPIO [RCC]
2025-10-20 15:04:55,435 [INFO] Gpio:277 - dependency for GPIO [RCC]
2025-10-20 15:15:53,990 [INFO] Gpio:277 - dependency for GPIO [RCC]
2025-10-20 15:18:30,629 [INFO] Gpio:277 - dependency for GPIO [RCC]
2025-10-20 15:20:15,342 [INFO] Gpio:277 - dependency for GPIO [RCC]
2025-10-20 15:20:54,654 [INFO] Gpio:277 - dependency for GPIO [RCC]
2025-10-20 15:21:10,989 [INFO] Gpio:277 - dependency for GPIO [RCC]
2025-10-20 15:21:14,139 [INFO] Gpio:277 - dependency for GPIO [RCC]
2025-10-20 15:21:16,558 [INFO] Gpio:277 - dependency for GPIO [RCC]
2025-10-20 15:21:19,328 [INFO] Gpio:277 - dependency for GPIO [RCC]
2025-10-20 15:21:22,838 [INFO] Gpio:277 - dependency for GPIO [RCC]
2025-10-20 15:21:44,699 [INFO] Gpio:277 - dependency for GPIO [RCC]
2025-10-20 15:24:00,638 [INFO] Gpio:277 - dependency for GPIO [RCC]
2025-10-20 15:24:03,486 [INFO] Gpio:277 - dependency for GPIO [RCC]
2025-10-20 15:24:07,293 [INFO] Gpio:277 - dependency for GPIO [RCC]
2025-10-20 15:24:09,358 [INFO] Gpio:277 - dependency for GPIO [RCC]
2025-10-20 15:24:12,267 [INFO] Gpio:277 - dependency for GPIO [RCC]
2025-10-20 15:24:22,736 [INFO] Gpio:277 - dependency for GPIO [RCC]
2025-10-20 15:24:26,659 [INFO] Gpio:277 - dependency for GPIO [RCC]
2025-10-20 15:24:28,241 [INFO] Gpio:277 - dependency for GPIO [RCC]
2025-10-20 15:24:29,669 [INFO] Gpio:277 - dependency for GPIO [RCC]
2025-10-20 15:24:32,111 [INFO] Gpio:277 - dependency for GPIO [RCC]
2025-10-20 15:24:44,893 [INFO] Gpio:277 - dependency for GPIO [RCC]
2025-10-20 15:24:49,181 [INFO] Gpio:277 - dependency for GPIO [RCC]
2025-10-20 15:25:16,769 [INFO] Gpio:277 - dependency for GPIO [RCC]
2025-10-20 15:25:20,099 [INFO] Gpio:277 - dependency for GPIO [RCC]
2025-10-20 15:25:23,704 [INFO] Gpio:277 - dependency for GPIO [RCC]
2025-10-20 15:25:25,977 [INFO] Gpio:277 - dependency for GPIO [RCC]
2025-10-20 15:25:28,032 [INFO] Gpio:277 - dependency for GPIO [RCC]
2025-10-20 15:25:32,700 [INFO] Gpio:277 - dependency for GPIO [RCC]
2025-10-20 15:48:41,492 [INFO] UtilMem:75 - End SaveConfig() Used Memory: 880500240 Bytes (1073741824)
2025-10-20 15:48:46,890 [INFO] UtilMem:75 - End SaveConfig() Used Memory: 638540848 Bytes (1073741824)
2025-10-20 15:48:52,753 [INFO] UtilMem:75 - End SaveConfig() Used Memory: 772435768 Bytes (1073741824)
2025-10-20 15:48:53,078 [INFO] BlockDiagram:2759 - set Specific Code input for plugin: NVIC
2025-10-20 15:48:53,078 [INFO] BlockDiagram:2759 - set Specific Code input for plugin: USART
2025-10-20 15:48:53,078 [INFO] BlockDiagram:2759 - set Specific Code input for plugin: USB_DEVICE
2025-10-20 15:48:53,078 [INFO] BlockDiagram:2759 - set Specific Code input for plugin: USB
2025-10-20 15:48:53,078 [INFO] BlockDiagram:2759 - set Specific Code input for plugin: SYS
2025-10-20 15:48:53,079 [INFO] BlockDiagram:2759 - set Specific Code input for plugin: GPIO
2025-10-20 15:48:53,079 [INFO] BlockDiagram:2759 - set Specific Code input for plugin: RCC
2025-10-20 15:48:53,079 [INFO] CodeGenerator:807 - code generatio: config db path: C:\ST\STM32CubeIDE_1.15.1\STM32CubeIDE\plugins\com.st.stm32cube.common.mx_6.11.1.202404110753\\db\
2025-10-20 15:48:53,235 [INFO] CodeEngine:255 - oldGeneratedFile, C:\cube\Noiseux_S\MXTmpFiles\license.tmp_save
2025-10-20 15:48:53,383 [INFO] CodeEngine:279 - Generated code: C:\cube\Noiseux_S\MXTmpFiles\license.tmp
2025-10-20 15:48:53,537 [INFO] CodeEngine:255 - oldGeneratedFile, C:\cube\Noiseux_S\MXTmpFiles\gpio.tmp_save
2025-10-20 15:48:53,655 [INFO] CodeEngine:279 - Generated code: C:\cube\Noiseux_S\MXTmpFiles\gpio.tmp
2025-10-20 15:48:53,772 [INFO] CodeEngine:255 - oldGeneratedFile, C:\cube\Noiseux_S\MXTmpFiles\usb_vars.tmp_save
2025-10-20 15:48:53,877 [INFO] CodeEngine:279 - Generated code: C:\cube\Noiseux_S\MXTmpFiles\usb_vars.tmp
2025-10-20 15:48:53,896 [INFO] CodeEngine:255 - oldGeneratedFile, C:\cube\Noiseux_S\MXTmpFiles\usb_inc.tmp_save
2025-10-20 15:48:53,974 [INFO] CodeEngine:279 - Generated code: C:\cube\Noiseux_S\MXTmpFiles\usb_inc.tmp
2025-10-20 15:48:54,002 [INFO] CodeEngine:255 - oldGeneratedFile, C:\cube\Noiseux_S\MXTmpFiles\usb_HalInit.tmp_save
2025-10-20 15:48:54,113 [INFO] CodeEngine:279 - Generated code: C:\cube\Noiseux_S\MXTmpFiles\usb_HalInit.tmp
2025-10-20 15:48:54,137 [INFO] CodeEngine:255 - oldGeneratedFile, C:\cube\Noiseux_S\MXTmpFiles\usb_Msp.tmp_save
2025-10-20 15:48:54,240 [INFO] CodeEngine:279 - Generated code: C:\cube\Noiseux_S\MXTmpFiles\usb_Msp.tmp
2025-10-20 15:48:54,394 [INFO] Middleware:1439 - No code input for Bsp Dependency
2025-10-20 15:48:54,399 [INFO] Middleware:1439 - No code input for Bsp Dependency
2025-10-20 15:48:54,425 [INFO] CodeEngine:255 - oldGeneratedFile, C:\cube\Noiseux_S\USB_DEVICE\App\usb_device.c_save
2025-10-20 15:48:54,547 [INFO] CodeEngine:279 - Generated code: C:\cube\Noiseux_S\USB_DEVICE\App\usb_device.c
2025-10-20 15:48:54,569 [INFO] CodeEngine:255 - oldGeneratedFile, C:\cube\Noiseux_S\USB_DEVICE\App\usb_device.h_save
2025-10-20 15:48:54,665 [INFO] CodeEngine:279 - Generated code: C:\cube\Noiseux_S\USB_DEVICE\App\usb_device.h
2025-10-20 15:48:54,682 [INFO] CodeEngine:255 - oldGeneratedFile, C:\cube\Noiseux_S\USB_DEVICE\Target\usbd_conf.h_save
2025-10-20 15:48:54,805 [INFO] CodeEngine:279 - Generated code: C:\cube\Noiseux_S\USB_DEVICE\Target\usbd_conf.h
2025-10-20 15:48:54,827 [INFO] CodeEngine:255 - oldGeneratedFile, C:\cube\Noiseux_S\USB_DEVICE\Target\usbd_conf.c_save
2025-10-20 15:48:54,938 [INFO] CodeEngine:279 - Generated code: C:\cube\Noiseux_S\USB_DEVICE\Target\usbd_conf.c
2025-10-20 15:48:54,973 [INFO] CodeEngine:255 - oldGeneratedFile, C:\cube\Noiseux_S\USB_DEVICE\App\usbd_desc.h_save
2025-10-20 15:48:55,061 [INFO] CodeEngine:279 - Generated code: C:\cube\Noiseux_S\USB_DEVICE\App\usbd_desc.h
2025-10-20 15:48:55,077 [INFO] CodeEngine:255 - oldGeneratedFile, C:\cube\Noiseux_S\USB_DEVICE\App\usbd_desc.c_save
2025-10-20 15:48:55,178 [INFO] CodeEngine:279 - Generated code: C:\cube\Noiseux_S\USB_DEVICE\App\usbd_desc.c
2025-10-20 15:48:55,206 [INFO] CodeEngine:255 - oldGeneratedFile, C:\cube\Noiseux_S\USB_DEVICE\App\usbd_cdc_if.h_save
2025-10-20 15:48:55,297 [INFO] CodeEngine:279 - Generated code: C:\cube\Noiseux_S\USB_DEVICE\App\usbd_cdc_if.h
2025-10-20 15:48:55,313 [INFO] CodeEngine:255 - oldGeneratedFile, C:\cube\Noiseux_S\USB_DEVICE\App\usbd_cdc_if.c_save
2025-10-20 15:48:55,421 [INFO] CodeEngine:279 - Generated code: C:\cube\Noiseux_S\USB_DEVICE\App\usbd_cdc_if.c
2025-10-20 15:48:55,465 [INFO] CodeEngine:255 - oldGeneratedFile, C:\cube\Noiseux_S\Core\Src\stm32f1xx_it.c_save
2025-10-20 15:48:55,719 [INFO] CodeEngine:279 - Generated code: C:\cube\Noiseux_S\Core\Src\stm32f1xx_it.c
2025-10-20 15:48:55,773 [INFO] CodeEngine:255 - oldGeneratedFile, C:\cube\Noiseux_S\Core\Inc\stm32f1xx_it.h_save
2025-10-20 15:48:55,871 [INFO] CodeEngine:279 - Generated code: C:\cube\Noiseux_S\Core\Inc\stm32f1xx_it.h
2025-10-20 15:48:55,912 [INFO] CodeEngine:255 - oldGeneratedFile, C:\cube\Noiseux_S\Core\Src\stm32f1xx_hal_msp.c_save
2025-10-20 15:48:56,038 [INFO] CodeEngine:279 - Generated code: C:\cube\Noiseux_S\Core\Src\stm32f1xx_hal_msp.c
2025-10-20 15:48:56,063 [INFO] CodeEngine:255 - oldGeneratedFile, C:\cube\Noiseux_S\MXTmpFiles\system.tmp_save
2025-10-20 15:48:56,134 [INFO] CodeEngine:279 - Generated code: C:\cube\Noiseux_S\MXTmpFiles\system.tmp
2025-10-20 15:48:56,165 [INFO] CodeEngine:311 - oldGeneratedFile, C:\cube\Noiseux_S\Core\Inc\stm32f1xx_hal_conf.h_save
2025-10-20 15:48:56,279 [INFO] CodeEngine:335 - Generated code: C:\cube\Noiseux_S\Core\Inc\stm32f1xx_hal_conf.h
2025-10-20 15:48:56,355 [INFO] CodeEngine:255 - oldGeneratedFile, C:\cube\Noiseux_S\Core\Inc\main.h_save
2025-10-20 15:48:56,489 [INFO] CodeEngine:279 - Generated code: C:\cube\Noiseux_S\Core\Inc\main.h
2025-10-20 15:48:56,526 [INFO] CodeEngine:255 - oldGeneratedFile, C:\cube\Noiseux_S\Core\Src\main.c_save
2025-10-20 15:48:56,661 [INFO] CodeEngine:279 - Generated code: C:\cube\Noiseux_S\Core\Src\main.c
2025-10-20 15:48:56,943 [INFO] ProjectBuilder:3163 - Time for Copy HAL[1] : 143mS.
2025-10-20 15:48:56,948 [INFO] ProjectBuilder:4736 - Project Generator version: 4.3.0-B58
2025-10-20 15:48:57,024 [INFO] ConfigFileManager:1503 - The Die is : DIE410
2025-10-20 15:48:59,024 [INFO] ProjectBuilder:5002 - Time for Generating toolchain IDE Files: 2076mS.
2025-10-20 15:48:59,024 [INFO] ProjectBuilder:3034 - Time for Copy CMSIS : 0mS.
2025-10-20 15:48:59,028 [INFO] ProjectBuilder:3034 - Time for Copy CMSIS : 0mS.
