2025-10-28 07:39:24,644 [INFO] Activator:176 - 


2025-10-28 07:39:24,654 [INFO] Activator:177 - !SESSION log4j initialized
2025-10-28 07:39:27,186 [INFO] LogOutputStream:77 - [STDOUT_REDIRECT] 
2025-10-28 07:39:29,351 [INFO] ApplicationProperties:184 - Using Application install path: C:\ST\STM32CubeIDE_1.15.1\STM32CubeIDE\plugins\com.st.stm32cube.common.mx_6.11.1.202404110753
2025-10-28 07:39:29,364 [INFO] DbMcusXml:78 - Set database path to: C:\ST\STM32CubeIDE_1.15.1\STM32CubeIDE\plugins\com.st.stm32cube.common.mx_6.11.1.202404110753\\db\/mcu/
2025-10-28 07:39:29,365 [INFO] ApiDb:274 - Set plugin database path to: C:\ST\STM32CubeIDE_1.15.1\STM32CubeIDE\plugins\com.st.stm32cube.common.mx_6.11.1.202404110753\\db\/plugins/boardmanager/
2025-10-28 07:39:29,365 [WARN] ApiDb:259 - Overriding images path with different value:  => C:\ST\STM32CubeIDE_1.15.1\STM32CubeIDE\plugins\com.st.stm32cube.common.mx_6.11.1.202404110753\\db\/plugins/mcufinder/images/
2025-10-28 07:39:29,370 [INFO] ApiDb:250 - Set database path to: C:\Users\1735593\.stmcufinder\plugins\mcufinder//mcu/
2025-10-28 07:39:29,371 [INFO] DbMcusAds:125 - Set database path to: C:\Users\1735593\.stmcufinder\plugins\mcufinder//mcu/
2025-10-28 07:39:29,373 [INFO] CrossReferenceDbSqlite:203 - Set database path to: C:\Users\1735593\.stmcufinder\plugins\mcufinder//mcu/cs/
2025-10-28 07:39:29,469 [INFO] RulesReader:64 - Compatibility file has been processed (297 Rules)
2025-10-28 07:39:29,546 [INFO] DbMcusXml:78 - Set database path to: C:\ST\STM32CubeIDE_1.15.1\STM32CubeIDE\plugins\com.st.stm32cube.common.mx_6.11.1.202404110753\\db\/mcu/
2025-10-28 07:39:29,546 [INFO] ApiDb:274 - Set plugin database path to: C:\ST\STM32CubeIDE_1.15.1\STM32CubeIDE\plugins\com.st.stm32cube.common.mx_6.11.1.202404110753\\db\/plugins/boardmanager/
2025-10-28 07:39:29,547 [INFO] ApiDb:261 - Set plugin images path to: C:\ST\STM32CubeIDE_1.15.1\STM32CubeIDE\plugins\com.st.stm32cube.common.mx_6.11.1.202404110753\\db\/plugins/mcufinder/images/
2025-10-28 07:39:29,547 [WARN] DbFile:41 - Overriding database path with different value: C:\Users\1735593\.stmcufinder\plugins\mcufinder/ => C:\Users\1735593\.stmcufinder\plugins\mcufinder
2025-10-28 07:39:29,547 [INFO] ApiDb:250 - Set database path to: C:\Users\1735593\.stmcufinder\plugins\mcufinder//mcu/
2025-10-28 07:39:29,547 [WARN] DbFile:41 - Overriding database path with different value: C:\Users\1735593\.stmcufinder\plugins\mcufinder/ => C:\Users\1735593\.stmcufinder\plugins\mcufinder
2025-10-28 07:39:29,547 [INFO] DbMcusAds:125 - Set database path to: C:\Users\1735593\.stmcufinder\plugins\mcufinder//mcu/
2025-10-28 07:39:29,547 [WARN] DbFile:41 - Overriding database path with different value: C:\Users\1735593\.stmcufinder\plugins\mcufinder/ => C:\Users\1735593\.stmcufinder\plugins\mcufinder
2025-10-28 07:39:29,547 [WARN] DbFile:41 - Overriding database path with different value: C:\Users\1735593\.stmcufinder\plugins\mcufinder/ => C:\Users\1735593\.stmcufinder\plugins\mcufinder
2025-10-28 07:39:29,547 [INFO] CrossReferenceDbSqlite:203 - Set database path to: C:\Users\1735593\.stmcufinder\plugins\mcufinder//mcu/cs/
2025-10-28 07:39:29,602 [INFO] MainPanel:264 - HeapMemory: 268435456
2025-10-28 07:39:29,659 [INFO] DbMcusXml:78 - Set database path to: C:\ST\STM32CubeIDE_1.15.1\STM32CubeIDE\plugins\com.st.stm32cube.common.mx_6.11.1.202404110753\\db\/mcu/
2025-10-28 07:39:29,659 [INFO] ApiDb:274 - Set plugin database path to: C:\ST\STM32CubeIDE_1.15.1\STM32CubeIDE\plugins\com.st.stm32cube.common.mx_6.11.1.202404110753\\db\/plugins/boardmanager/
2025-10-28 07:39:29,659 [INFO] ApiDb:261 - Set plugin images path to: C:\ST\STM32CubeIDE_1.15.1\STM32CubeIDE\plugins\com.st.stm32cube.common.mx_6.11.1.202404110753\\db\/plugins/mcufinder/images/
2025-10-28 07:39:29,659 [WARN] DbFile:41 - Overriding database path with different value: C:\Users\1735593\.stmcufinder\plugins\mcufinder/ => C:\Users\1735593\.stmcufinder\plugins\mcufinder
2025-10-28 07:39:29,659 [INFO] ApiDb:250 - Set database path to: C:\Users\1735593\.stmcufinder\plugins\mcufinder//mcu/
2025-10-28 07:39:29,659 [WARN] DbFile:41 - Overriding database path with different value: C:\Users\1735593\.stmcufinder\plugins\mcufinder/ => C:\Users\1735593\.stmcufinder\plugins\mcufinder
2025-10-28 07:39:29,659 [INFO] DbMcusAds:125 - Set database path to: C:\Users\1735593\.stmcufinder\plugins\mcufinder//mcu/
2025-10-28 07:39:29,659 [WARN] DbFile:41 - Overriding database path with different value: C:\Users\1735593\.stmcufinder\plugins\mcufinder/ => C:\Users\1735593\.stmcufinder\plugins\mcufinder
2025-10-28 07:39:29,659 [WARN] DbFile:41 - Overriding database path with different value: C:\Users\1735593\.stmcufinder\plugins\mcufinder/ => C:\Users\1735593\.stmcufinder\plugins\mcufinder
2025-10-28 07:39:29,660 [INFO] CrossReferenceDbSqlite:203 - Set database path to: C:\Users\1735593\.stmcufinder\plugins\mcufinder//mcu/cs/
2025-10-28 07:39:29,683 [INFO] ApplicationProperties:184 - Using Application install path: C:\ST\STM32CubeIDE_1.15.1\STM32CubeIDE\plugins\com.st.stm32cube.common.mx_6.11.1.202404110753
2025-10-28 07:39:29,684 [INFO] PluginManage:196 - Search for loadable plugins [exclusion list=, ]
2025-10-28 07:39:29,686 [INFO] PluginManage:310 - Check plugin analytics
2025-10-28 07:39:29,902 [INFO] AnalyticsPlugin:253 - Accepted Software Licenses: 
2025-10-28 07:39:29,902 [INFO] AnalyticsPlugin:255 - Accepted CMSIS Pack Licenses: 
2025-10-28 07:39:29,905 [INFO] AnalyticsPlugin:257 - Accepted Firmware Licenses: 
2025-10-28 07:39:29,908 [INFO] PluginManage:359 - Loaded plugin analytics (category:tool,tabindex:-1)
2025-10-28 07:39:29,908 [INFO] PluginManage:310 - Check plugin cadmodel
2025-10-28 07:39:29,924 [INFO] CADModel:105 - Init CAD model plugin
2025-10-28 07:39:29,925 [INFO] PluginManage:359 - Loaded plugin cadmodel (category:power,tabindex:5)
2025-10-28 07:39:29,925 [INFO] PluginManage:310 - Check plugin clock
2025-10-28 07:39:29,934 [INFO] PluginManage:359 - Loaded plugin clock (category:base,tabindex:2)
2025-10-28 07:39:29,934 [INFO] PluginManage:310 - Check plugin ddr
2025-10-28 07:39:29,936 [INFO] PluginManage:359 - Loaded plugin ddr (category:tool,tabindex:6)
2025-10-28 07:39:29,939 [INFO] PluginManage:310 - Check plugin filemanager
2025-10-28 07:39:30,101 [INFO] PluginManage:359 - Loaded plugin filemanager (category:base,tabindex:10)
2025-10-28 07:39:30,101 [INFO] PluginManage:310 - Check plugin ipmanager
2025-10-28 07:39:30,111 [INFO] PluginManage:359 - Loaded plugin ipmanager (category:base,tabindex:5)
2025-10-28 07:39:30,111 [INFO] PluginManage:310 - Check plugin lpbam
2025-10-28 07:39:30,123 [INFO] PluginManage:359 - Loaded plugin lpbam (category:base,tabindex:0)
2025-10-28 07:39:30,123 [INFO] PluginManage:310 - Check plugin memorymap
2025-10-28 07:39:30,134 [INFO] PluginManage:359 - Loaded plugin memorymap (category:base,tabindex:4)
2025-10-28 07:39:30,135 [INFO] PluginManage:310 - Check plugin pinoutandconfiguration
2025-10-28 07:39:30,143 [INFO] PluginManage:359 - Loaded plugin pinoutandconfiguration (category:base,tabindex:1)
2025-10-28 07:39:30,143 [INFO] PluginManage:310 - Check plugin pinoutconfig
2025-10-28 07:39:30,278 [WARN] SupportedApi:132 - Cannot load RTOS API schema: s4s-elt-must-match.1: The content of 'definitions' must match (annotation?, (simpleType | complexType)?, (unique | key | keyref)*)). A problem was found starting at: attribute.
2025-10-28 07:39:30,413 [INFO] PluginManage:359 - Loaded plugin pinoutconfig (category:base,tabindex:0)
2025-10-28 07:39:30,413 [INFO] PluginManage:310 - Check plugin power
2025-10-28 07:39:30,423 [INFO] PluginManage:359 - Loaded plugin power (category:power,tabindex:4)
2025-10-28 07:39:30,423 [INFO] PluginManage:310 - Check plugin projectmanager
2025-10-28 07:39:30,441 [INFO] PluginManage:359 - Loaded plugin projectmanager (category:projectmanager,tabindex:3)
2025-10-28 07:39:30,441 [INFO] PluginManage:310 - Check plugin thirdparty
2025-10-28 07:39:30,636 [INFO] PluginManage:359 - Loaded plugin thirdparty (category:base,tabindex:-1)
2025-10-28 07:39:30,636 [INFO] PluginManage:310 - Check plugin tools
2025-10-28 07:39:30,639 [INFO] PluginManage:359 - Loaded plugin tools (category:base,tabindex:7)
2025-10-28 07:39:30,641 [INFO] PluginManage:310 - Check plugin tutovideos
2025-10-28 07:39:30,636 [WARN] IntegrityCheckThread:84 - waiting for thirdparty lock release [integrity check]
2025-10-28 07:39:30,645 [INFO] IntegrityCheckThread:86 - entering critical section [integrity check]
2025-10-28 07:39:30,646 [INFO] ThirdPartyUpdaterWithRetryManager:70 - Updater plugin not ready yet. [1/15]
2025-10-28 07:39:30,820 [INFO] PluginManage:359 - Loaded plugin tutovideos (category:base,tabindex:-1)
2025-10-28 07:39:30,820 [INFO] PluginManage:310 - Check plugin updater
2025-10-28 07:39:30,829 [INFO] PluginManage:359 - Loaded plugin updater (category:base,tabindex:12)
2025-10-28 07:39:30,829 [INFO] PluginManage:310 - Check plugin userauth
2025-10-28 07:39:30,833 [INFO] UserAuth:114 - Init User Auth plugin
2025-10-28 07:39:30,833 [INFO] PluginManage:359 - Loaded plugin userauth (category:base,tabindex:14)
2025-10-28 07:39:30,835 [INFO] PluginManage:283 - PluginManage : Loaded plugins [17]
2025-10-28 07:39:31,041 [INFO] PinOutPanel:1561 - setPackage(No Configuration,No Configuration)
2025-10-28 07:39:31,133 [INFO] CADModel:165 - CPN selected for project level
2025-10-28 07:39:31,133 [INFO] CADModel:114 - Register for checkConnection events
2025-10-28 07:39:31,146 [INFO] IPUIPlugin:80 - create IPUIPlugin
2025-10-28 07:39:31,146 [INFO] PluginManager:220 - loadIPPluginJar : add adc
2025-10-28 07:39:31,148 [INFO] IPUIPlugin:80 - create IPUIPlugin
2025-10-28 07:39:31,148 [INFO] PluginManager:220 - loadIPPluginJar : add aes
2025-10-28 07:39:31,151 [INFO] IPUIPlugin:80 - create IPUIPlugin
2025-10-28 07:39:31,151 [INFO] PluginManager:220 - loadIPPluginJar : add can
2025-10-28 07:39:31,152 [INFO] IPUIPlugin:80 - create IPUIPlugin
2025-10-28 07:39:31,152 [INFO] PluginManager:220 - loadIPPluginJar : add comp
2025-10-28 07:39:31,154 [INFO] IPUIPlugin:80 - create IPUIPlugin
2025-10-28 07:39:31,154 [INFO] PluginManager:220 - loadIPPluginJar : add cryp
2025-10-28 07:39:31,156 [INFO] IPUIPlugin:80 - create IPUIPlugin
2025-10-28 07:39:31,156 [INFO] PluginManager:220 - loadIPPluginJar : add dfsdm
2025-10-28 07:39:31,161 [INFO] IPUIPlugin:80 - create IPUIPlugin
2025-10-28 07:39:31,161 [INFO] PluginManager:220 - loadIPPluginJar : add dma
2025-10-28 07:39:31,163 [INFO] IPUIPlugin:80 - create IPUIPlugin
2025-10-28 07:39:31,164 [INFO] PluginManager:220 - loadIPPluginJar : add dma3
2025-10-28 07:39:31,167 [INFO] IPUIPlugin:80 - create IPUIPlugin
2025-10-28 07:39:31,167 [INFO] PluginManager:220 - loadIPPluginJar : add extmemmanager
2025-10-28 07:39:31,168 [INFO] IPUIPlugin:80 - create IPUIPlugin
2025-10-28 07:39:31,168 [INFO] PluginManager:220 - loadIPPluginJar : add fatfs
2025-10-28 07:39:31,172 [INFO] IPUIPlugin:80 - create IPUIPlugin
2025-10-28 07:39:31,172 [INFO] PluginManager:220 - loadIPPluginJar : add fmc
2025-10-28 07:39:31,177 [INFO] IPUIPlugin:80 - create IPUIPlugin
2025-10-28 07:39:31,177 [INFO] PluginManager:220 - loadIPPluginJar : add freertos
2025-10-28 07:39:31,179 [INFO] IPUIPlugin:80 - create IPUIPlugin
2025-10-28 07:39:31,179 [INFO] PluginManager:220 - loadIPPluginJar : add genericplugin
2025-10-28 07:39:31,181 [INFO] IPUIPlugin:80 - create IPUIPlugin
2025-10-28 07:39:31,181 [INFO] PluginManager:220 - loadIPPluginJar : add gfxmmu
2025-10-28 07:39:31,185 [INFO] IPUIPlugin:80 - create IPUIPlugin
2025-10-28 07:39:31,185 [INFO] PluginManager:220 - loadIPPluginJar : add gic
2025-10-28 07:39:31,188 [INFO] IPUIPlugin:80 - create IPUIPlugin
2025-10-28 07:39:31,189 [INFO] PluginManager:220 - loadIPPluginJar : add gpio
2025-10-28 07:39:31,191 [INFO] IPUIPlugin:80 - create IPUIPlugin
2025-10-28 07:39:31,191 [INFO] PluginManager:220 - loadIPPluginJar : add gtzc
2025-10-28 07:39:31,193 [INFO] IPUIPlugin:80 - create IPUIPlugin
2025-10-28 07:39:31,193 [INFO] PluginManager:220 - loadIPPluginJar : add hash
2025-10-28 07:39:31,195 [INFO] IPUIPlugin:80 - create IPUIPlugin
2025-10-28 07:39:31,195 [INFO] PluginManager:220 - loadIPPluginJar : add i2c
2025-10-28 07:39:31,196 [INFO] IPUIPlugin:80 - create IPUIPlugin
2025-10-28 07:39:31,196 [INFO] PluginManager:220 - loadIPPluginJar : add i2s
2025-10-28 07:39:31,199 [INFO] IPUIPlugin:80 - create IPUIPlugin
2025-10-28 07:39:31,199 [INFO] PluginManager:220 - loadIPPluginJar : add i3c
2025-10-28 07:39:31,202 [INFO] IPUIPlugin:80 - create IPUIPlugin
2025-10-28 07:39:31,202 [INFO] PluginManager:220 - loadIPPluginJar : add ipddr
2025-10-28 07:39:31,209 [INFO] IPUIPlugin:80 - create IPUIPlugin
2025-10-28 07:39:31,209 [INFO] PluginManager:220 - loadIPPluginJar : add linkedlist
2025-10-28 07:39:31,212 [INFO] IPUIPlugin:80 - create IPUIPlugin
2025-10-28 07:39:31,212 [INFO] PluginManager:220 - loadIPPluginJar : add lorawan
2025-10-28 07:39:31,213 [INFO] IPUIPlugin:80 - create IPUIPlugin
2025-10-28 07:39:31,214 [INFO] PluginManager:220 - loadIPPluginJar : add ltdc
2025-10-28 07:39:31,220 [INFO] IPUIPlugin:80 - create IPUIPlugin
2025-10-28 07:39:31,220 [INFO] PluginManager:220 - loadIPPluginJar : add mdma
2025-10-28 07:39:31,223 [INFO] IPUIPlugin:80 - create IPUIPlugin
2025-10-28 07:39:31,223 [INFO] PluginManager:220 - loadIPPluginJar : add nvic
2025-10-28 07:39:31,226 [INFO] IPUIPlugin:80 - create IPUIPlugin
2025-10-28 07:39:31,227 [INFO] PluginManager:220 - loadIPPluginJar : add opamp
2025-10-28 07:39:31,229 [INFO] IPUIPlugin:80 - create IPUIPlugin
2025-10-28 07:39:31,230 [INFO] PluginManager:220 - loadIPPluginJar : add openamp
2025-10-28 07:39:31,232 [INFO] IPUIPlugin:80 - create IPUIPlugin
2025-10-28 07:39:31,232 [INFO] PluginManager:220 - loadIPPluginJar : add pdm2pcm
2025-10-28 07:39:31,238 [INFO] IPUIPlugin:80 - create IPUIPlugin
2025-10-28 07:39:31,240 [INFO] PluginManager:220 - loadIPPluginJar : add plateformsettings
2025-10-28 07:39:31,242 [INFO] IPUIPlugin:80 - create IPUIPlugin
2025-10-28 07:39:31,242 [INFO] PluginManager:220 - loadIPPluginJar : add quadspi
2025-10-28 07:39:31,245 [INFO] IPUIPlugin:80 - create IPUIPlugin
2025-10-28 07:39:31,245 [INFO] PluginManager:220 - loadIPPluginJar : add resmgrutility
2025-10-28 07:39:31,248 [INFO] IPUIPlugin:80 - create IPUIPlugin
2025-10-28 07:39:31,248 [INFO] PluginManager:220 - loadIPPluginJar : add sai
2025-10-28 07:39:31,250 [INFO] IPUIPlugin:80 - create IPUIPlugin
2025-10-28 07:39:31,251 [INFO] PluginManager:220 - loadIPPluginJar : add spi
2025-10-28 07:39:31,257 [INFO] IPUIPlugin:80 - create IPUIPlugin
2025-10-28 07:39:31,257 [INFO] PluginManager:220 - loadIPPluginJar : add stm32_wpan
2025-10-28 07:39:31,259 [INFO] IPUIPlugin:80 - create IPUIPlugin
2025-10-28 07:39:31,259 [INFO] PluginManager:220 - loadIPPluginJar : add tim
2025-10-28 07:39:31,263 [INFO] IPUIPlugin:80 - create IPUIPlugin
2025-10-28 07:39:31,264 [INFO] PluginManager:220 - loadIPPluginJar : add touchsensing
2025-10-28 07:39:31,266 [INFO] IPUIPlugin:80 - create IPUIPlugin
2025-10-28 07:39:31,266 [INFO] PluginManager:220 - loadIPPluginJar : add tracer_emb
2025-10-28 07:39:31,268 [INFO] IPUIPlugin:80 - create IPUIPlugin
2025-10-28 07:39:31,268 [INFO] PluginManager:220 - loadIPPluginJar : add ts
2025-10-28 07:39:31,270 [INFO] IPUIPlugin:80 - create IPUIPlugin
2025-10-28 07:39:31,270 [INFO] PluginManager:220 - loadIPPluginJar : add tsc
2025-10-28 07:39:31,274 [INFO] IPUIPlugin:80 - create IPUIPlugin
2025-10-28 07:39:31,274 [INFO] PluginManager:220 - loadIPPluginJar : add ucpd
2025-10-28 07:39:31,278 [INFO] IPUIPlugin:80 - create IPUIPlugin
2025-10-28 07:39:31,278 [INFO] PluginManager:220 - loadIPPluginJar : add usart
2025-10-28 07:39:31,281 [INFO] IPUIPlugin:80 - create IPUIPlugin
2025-10-28 07:39:31,281 [INFO] PluginManager:220 - loadIPPluginJar : add usbx
2025-10-28 07:39:31,421 [INFO] CADModel:165 - CPN selected for project level
2025-10-28 07:39:31,421 [INFO] CADModel:114 - Register for checkConnection events
2025-10-28 07:39:31,421 [FATAL] Updater:308 - Updater called before beeing initialized
2025-10-28 07:39:31,421 [ERROR] CADModel:125 - Updater not yet initialized, retry later 
2025-10-28 07:39:31,532 [INFO] CADModel:165 - CPN selected for project level
2025-10-28 07:39:31,533 [INFO] CADModel:114 - Register for checkConnection events
2025-10-28 07:39:31,533 [FATAL] Updater:308 - Updater called before beeing initialized
2025-10-28 07:39:31,533 [ERROR] CADModel:125 - Updater not yet initialized, retry later 
2025-10-28 07:39:31,535 [FATAL] Updater:308 - Updater called before beeing initialized
2025-10-28 07:39:31,627 [FATAL] Updater:308 - Updater called before beeing initialized
2025-10-28 07:39:31,631 [INFO] DbMcusAds:53 - JSON generation date=Thu Oct 02 05:36:05 EDT 2025 (1759397765645)
2025-10-28 07:39:31,631 [FATAL] Updater:308 - Updater called before beeing initialized
2025-10-28 07:39:31,661 [WARN] DetailPanel:346 - Failed to get advertising image, set to default
2025-10-28 07:39:31,742 [FATAL] Updater:308 - Updater called before beeing initialized
2025-10-28 07:39:31,743 [FATAL] Updater:308 - Updater called before beeing initialized
2025-10-28 07:39:31,744 [FATAL] Updater:308 - Updater called before beeing initialized
2025-10-28 07:39:31,744 [WARN] DetailPanel:346 - Failed to get advertising image, set to default
2025-10-28 07:39:31,744 [FATAL] Updater:308 - Updater called before beeing initialized
2025-10-28 07:39:31,782 [ERROR] Updater:1120 - MainUpdater not yet initialized. External WinMGr cannot be set.
2025-10-28 07:39:31,784 [INFO] Updater:1056 - Updater Version found : 6.11.1
2025-10-28 07:39:31,797 [INFO] ApplicationProperties:184 - Using Application install path: C:\ST\STM32CubeIDE_1.15.1\STM32CubeIDE\plugins\com.st.stm32cube.common.mx_6.11.1.202404110753
2025-10-28 07:39:33,370 [ERROR] LogOutputStream:75 - [STDERR_REDIRECT] Oct 28, 2025 7:39:33 AM java.util.prefs.WindowsPreferences <init>
2025-10-28 07:39:33,372 [ERROR] LogOutputStream:75 - [STDERR_REDIRECT] WARNING: Could not open/create prefs root node Software\JavaSoft\Prefs at root 0xffffffff80000002. Windows RegCreateKeyEx(...) returned error code 5.
2025-10-28 07:39:33,372 [ERROR] LogOutputStream:75 - [STDERR_REDIRECT] 
2025-10-28 07:39:33,648 [INFO] ThirdPartyUpdaterWithRetryManager:70 - Updater plugin not ready yet. [2/15]
2025-10-28 07:39:34,843 [INFO] MainUpdater:2873 - connection check result : 10
2025-10-28 07:39:34,844 [INFO] MainUpdater:290 - Updater Check For Update Now.
2025-10-28 07:39:34,844 [INFO] MicroXplorer:498 - Change Database Version : DB.6.0.111
2025-10-28 07:39:34,849 [INFO] McuFinderGlobals:63 - Set McuFinder mode to 2 (CubeIDE integrated)
2025-10-28 07:39:34,850 [INFO] UserAuth:179 - activating auth plugin
2025-10-28 07:39:34,853 [INFO] UserAuth:415 - Internet connection configuration mode: 1
2025-10-28 07:39:34,876 [INFO] JxBrowserEngine:152 - Initiate JxBrowser Engine with user profile folder
2025-10-28 07:39:35,031 [INFO] CheckServerUpdateThread:120 - End of CheckServer Thread
2025-10-28 07:39:35,462 [INFO] WebApp:161 - Instantiating new browser for Auth
2025-10-28 07:39:35,970 [INFO] WebApp:779 - Register for checkConnection events
2025-10-28 07:39:35,970 [INFO] WebApp:414 - Apply proxy settings
2025-10-28 07:39:35,970 [INFO] WebApp:499 - Chromium requires no authentication
2025-10-28 07:39:35,976 [INFO] WebApp:442 - Direct internet connection detected
2025-10-28 07:39:36,104 [INFO] WebApp:192 - Starting web application
2025-10-28 07:39:36,105 [INFO] WebApp:544 - Web application path used C:\ST\STM32CubeIDE_1.15.1\STM32CubeIDE\plugins\com.st.stm32cube.common.mx_6.11.1.202404110753\db\plugins\mcufinder\reactClient1\index.html
2025-10-28 07:39:36,802 [WARN] PackLoader:240 - Cannot read IP mode file for STMicroelectronics.FP-SNS-MOTENVWB1.1.4.0
2025-10-28 07:39:36,810 [WARN] PackLoader:240 - Cannot read IP mode file for STMicroelectronics.FP-ATR-ASTRA1.2.0.2
2025-10-28 07:39:36,822 [WARN] PackLoader:240 - Cannot read IP mode file for STMicroelectronics.X-CUBE-SMBUS.2.1.0
2025-10-28 07:39:36,850 [WARN] PackLoader:240 - Cannot read IP mode file for STMicroelectronics.X-CUBE-AZRTOS-F7.1.1.0
2025-10-28 07:39:36,857 [ERROR] Engine:466 - C:\Users\1735593\.stm32cubemx\thirdparties\pdsc\Cesanta.I-CUBE-Mongoose.7.19.0.pdsc: PDSC version is not supported
2025-10-28 07:39:36,860 [ERROR] Engine:466 - C:\Users\1735593\.stm32cubemx\thirdparties\pdsc\STMicroelectronics.FP-SNS-MOTENV1.5.1.0.pdsc: PDSC version is not supported
2025-10-28 07:39:36,864 [ERROR] Engine:466 - C:\Users\1735593\.stm32cubemx\thirdparties\pdsc\WES.I-CUBE-Cesium.1.4.0.pdsc: PDSC version is not supported
2025-10-28 07:39:36,889 [WARN] PackLoader:240 - Cannot read IP mode file for Infineon.AIROC-Wi-Fi-Bluetooth-STM32.1.7.1
2025-10-28 07:39:36,917 [WARN] PackLoader:240 - Cannot read IP mode file for STMicroelectronics.X-CUBE-AZRTOS-H7.3.4.0
2025-10-28 07:39:36,926 [WARN] PackLoader:240 - Cannot read IP mode file for STMicroelectronics.X-CUBE-DISPLAY.3.0.0
2025-10-28 07:39:36,935 [WARN] PackLoader:240 - Cannot read IP mode file for STMicroelectronics.X-CUBE-NFC10.1.0.0
2025-10-28 07:39:36,938 [ERROR] Engine:466 - C:\Users\1735593\.stm32cubemx\thirdparties\pdsc\STMicroelectronics.X-CUBE-ST60.1.1.0.pdsc: PDSC version is not supported
2025-10-28 07:39:36,942 [WARN] PackLoader:240 - Cannot read IP mode file for emotas.I-CUBE-CANOPEN.1.3.0
2025-10-28 07:39:36,945 [ERROR] Engine:466 - C:\Users\1735593\.stm32cubemx\thirdparties\pdsc\STMicroelectronics.FP-SNS-STBOX1.2.1.0.pdsc: PDSC version is not supported
2025-10-28 07:39:36,948 [WARN] PackLoader:240 - Cannot read IP mode file for STMicroelectronics.FP-SNS-SMARTAG2.1.2.0
2025-10-28 07:39:36,950 [ERROR] Engine:466 - C:\Users\1735593\.stm32cubemx\thirdparties\pdsc\STMicroelectronics.FP-SNS-FLIGHT1.5.1.0.pdsc: PDSC version is not supported
2025-10-28 07:39:36,964 [INFO] LogOutputStream:77 - [STDOUT_REDIRECT] 1 : Invalid condition id : UX_CORESTACK_Condition cause : null
2025-10-28 07:39:36,965 [INFO] LogOutputStream:77 - [STDOUT_REDIRECT] 1 : Invalid condition id : UX_CORESTACK_Condition cause : null
2025-10-28 07:39:36,966 [INFO] LogOutputStream:77 - [STDOUT_REDIRECT] 1 : Invalid condition id : UX_CORESTACK_Condition cause : null
2025-10-28 07:39:36,966 [INFO] LogOutputStream:77 - [STDOUT_REDIRECT] 1 : Invalid condition id : UX_CORESTACK_Condition cause : null
2025-10-28 07:39:36,967 [INFO] LogOutputStream:77 - [STDOUT_REDIRECT] 1 : Invalid condition id : UX_CORESTACK_Condition cause : null
2025-10-28 07:39:36,970 [WARN] PackLoader:240 - Cannot read IP mode file for STMicroelectronics.X-CUBE-AZRTOS-WL.2.0.0
2025-10-28 07:39:36,975 [WARN] PackLoader:240 - Cannot read IP mode file for STMicroelectronics.FP-SNS-MOTENV1.5.0.0
2025-10-28 07:39:36,981 [WARN] PackLoader:240 - Cannot read IP mode file for STMicroelectronics.X-CUBE-BLE2.3.3.0
2025-10-28 07:39:36,987 [WARN] PackLoader:240 - Cannot read IP mode file for STMicroelectronics.X-CUBE-NFC9.1.0.0
2025-10-28 07:39:36,992 [WARN] PackLoader:240 - Cannot read IP mode file for wolfSSL.I-CUBE-wolfSSL.5.8.2
2025-10-28 07:39:36,996 [WARN] PackLoader:240 - Cannot read IP mode file for STMicroelectronics.X-CUBE-BLE1.7.1.0
2025-10-28 07:39:37,000 [WARN] PackLoader:240 - Cannot read IP mode file for wolfSSL.I-CUBE-wolfMQTT.1.19.2
2025-10-28 07:39:37,005 [WARN] PackLoader:240 - Cannot read IP mode file for STMicroelectronics.X-CUBE-EEPRMA1.5.2.0
2025-10-28 07:39:37,018 [ERROR] Engine:466 - C:\Users\1735593\.stm32cubemx\thirdparties\pdsc\STMicroelectronics.X-CUBE-ST67W61.1.1.0.pdsc: PDSC version is not supported
2025-10-28 07:39:37,030 [WARN] PackLoader:240 - Cannot read IP mode file for STMicroelectronics.X-CUBE-AZRTOS-G0.1.1.0
2025-10-28 07:39:37,036 [WARN] PackLoader:240 - Cannot read IP mode file for STMicroelectronics.X-CUBE-SAFEA1.1.2.2
2025-10-28 07:39:37,044 [WARN] PackLoader:240 - Cannot read IP mode file for STMicroelectronics.X-CUBE-NFC4.3.0.0
2025-10-28 07:39:37,052 [WARN] PackLoader:240 - Cannot read IP mode file for EmbeddedOffice.I-CUBE-FS-RTOS.1.0.1
2025-10-28 07:39:37,052 [ERROR] ConditionMgr:805 - Attr not supported : Dmpu
2025-10-28 07:39:37,052 [ERROR] ConditionMgr:805 - Attr not supported : Dmpu
2025-10-28 07:39:37,052 [ERROR] ConditionMgr:805 - Attr not supported : Dmpu
2025-10-28 07:39:37,052 [ERROR] ConditionMgr:805 - Attr not supported : Dmpu
2025-10-28 07:39:37,052 [ERROR] ConditionMgr:805 - Attr not supported : Dmpu
2025-10-28 07:39:37,052 [ERROR] ConditionMgr:805 - Attr not supported : Dmpu
2025-10-28 07:39:37,053 [ERROR] ConditionMgr:805 - Attr not supported : Dmpu
2025-10-28 07:39:37,053 [ERROR] ConditionMgr:805 - Attr not supported : Dmpu
2025-10-28 07:39:37,053 [ERROR] ConditionMgr:805 - Attr not supported : Dmpu
2025-10-28 07:39:37,053 [ERROR] ConditionMgr:805 - Attr not supported : Dmpu
2025-10-28 07:39:37,053 [ERROR] ConditionMgr:805 - Attr not supported : Dmpu
2025-10-28 07:39:37,053 [ERROR] ConditionMgr:805 - Attr not supported : Dmpu
2025-10-28 07:39:37,053 [ERROR] ConditionMgr:805 - Attr not supported : Dmpu
2025-10-28 07:39:37,053 [ERROR] ConditionMgr:805 - Attr not supported : Dmpu
2025-10-28 07:39:37,053 [ERROR] ConditionMgr:805 - Attr not supported : Dmpu
2025-10-28 07:39:37,053 [ERROR] ConditionMgr:805 - Attr not supported : Dmpu
2025-10-28 07:39:37,053 [ERROR] ConditionMgr:805 - Attr not supported : Dmpu
2025-10-28 07:39:37,053 [ERROR] ConditionMgr:805 - Attr not supported : Dmpu
2025-10-28 07:39:37,053 [ERROR] ConditionMgr:805 - Attr not supported : Dmpu
2025-10-28 07:39:37,053 [ERROR] ConditionMgr:805 - Attr not supported : Dmpu
2025-10-28 07:39:37,053 [ERROR] ConditionMgr:805 - Attr not supported : Dmpu
2025-10-28 07:39:37,053 [ERROR] ConditionMgr:805 - Attr not supported : Dmpu
2025-10-28 07:39:37,053 [ERROR] ConditionMgr:805 - Attr not supported : Dmpu
2025-10-28 07:39:37,053 [ERROR] ConditionMgr:805 - Attr not supported : Dmpu
2025-10-28 07:39:37,054 [ERROR] ConditionMgr:805 - Attr not supported : Dmpu
2025-10-28 07:39:37,054 [ERROR] ConditionMgr:805 - Attr not supported : Dmpu
2025-10-28 07:39:37,054 [ERROR] ConditionMgr:805 - Attr not supported : Dmpu
2025-10-28 07:39:37,054 [ERROR] ConditionMgr:805 - Attr not supported : Dmpu
2025-10-28 07:39:37,054 [ERROR] ConditionMgr:805 - Attr not supported : Dmpu
2025-10-28 07:39:37,054 [ERROR] ConditionMgr:805 - Attr not supported : Dmpu
2025-10-28 07:39:37,054 [ERROR] ConditionMgr:805 - Attr not supported : Dmpu
2025-10-28 07:39:37,054 [ERROR] ConditionMgr:805 - Attr not supported : Dmpu
2025-10-28 07:39:37,054 [ERROR] ConditionMgr:805 - Attr not supported : Dmpu
2025-10-28 07:39:37,054 [ERROR] ConditionMgr:805 - Attr not supported : Dmpu
2025-10-28 07:39:37,054 [ERROR] ConditionMgr:805 - Attr not supported : Dmpu
2025-10-28 07:39:37,054 [ERROR] ConditionMgr:805 - Attr not supported : Dmpu
2025-10-28 07:39:37,054 [ERROR] ConditionMgr:805 - Attr not supported : Dmpu
2025-10-28 07:39:37,054 [ERROR] ConditionMgr:805 - Attr not supported : Dmpu
2025-10-28 07:39:37,054 [ERROR] ConditionMgr:805 - Attr not supported : Dmpu
2025-10-28 07:39:37,054 [ERROR] ConditionMgr:805 - Attr not supported : Dmpu
2025-10-28 07:39:37,054 [ERROR] ConditionMgr:805 - Attr not supported : Dmpu
2025-10-28 07:39:37,055 [ERROR] ConditionMgr:805 - Attr not supported : Dmpu
2025-10-28 07:39:37,055 [ERROR] ConditionMgr:805 - Attr not supported : Dmpu
2025-10-28 07:39:37,055 [ERROR] ConditionMgr:805 - Attr not supported : Dmpu
2025-10-28 07:39:37,055 [ERROR] ConditionMgr:805 - Attr not supported : Dmpu
2025-10-28 07:39:37,055 [ERROR] ConditionMgr:805 - Attr not supported : Dmpu
2025-10-28 07:39:37,055 [ERROR] ConditionMgr:805 - Attr not supported : Dmpu
2025-10-28 07:39:37,055 [ERROR] ConditionMgr:805 - Attr not supported : Dmpu
2025-10-28 07:39:37,055 [ERROR] ConditionMgr:805 - Attr not supported : Dmpu
2025-10-28 07:39:37,055 [ERROR] ConditionMgr:805 - Attr not supported : Dmpu
2025-10-28 07:39:37,055 [ERROR] ConditionMgr:805 - Attr not supported : Dmpu
2025-10-28 07:39:37,055 [ERROR] ConditionMgr:805 - Attr not supported : Dmpu
2025-10-28 07:39:37,055 [ERROR] ConditionMgr:805 - Attr not supported : Dmpu
2025-10-28 07:39:37,055 [ERROR] ConditionMgr:805 - Attr not supported : Dmpu
2025-10-28 07:39:37,055 [ERROR] ConditionMgr:805 - Attr not supported : Dmpu
2025-10-28 07:39:37,055 [ERROR] ConditionMgr:805 - Attr not supported : Dmpu
2025-10-28 07:39:37,055 [ERROR] ConditionMgr:805 - Attr not supported : Dmpu
2025-10-28 07:39:37,055 [ERROR] ConditionMgr:805 - Attr not supported : Dmpu
2025-10-28 07:39:37,056 [ERROR] ConditionMgr:805 - Attr not supported : Dmpu
2025-10-28 07:39:37,056 [ERROR] ConditionMgr:805 - Attr not supported : Dmpu
2025-10-28 07:39:37,056 [ERROR] ConditionMgr:805 - Attr not supported : Dmpu
2025-10-28 07:39:37,056 [ERROR] ConditionMgr:805 - Attr not supported : Dmpu
2025-10-28 07:39:37,056 [ERROR] ConditionMgr:805 - Attr not supported : Dmpu
2025-10-28 07:39:37,056 [ERROR] ConditionMgr:805 - Attr not supported : Dmpu
2025-10-28 07:39:37,060 [WARN] PackLoader:240 - Cannot read IP mode file for STMicroelectronics.X-CUBE-WB05N.2.0.0
2025-10-28 07:39:37,064 [WARN] PackLoader:240 - Cannot read IP mode file for wolfSSL.I-CUBE-wolfTPM.3.8.0
2025-10-28 07:39:37,066 [ERROR] Engine:466 - C:\Users\1735593\.stm32cubemx\thirdparties\pdsc\STMicroelectronics.X-CUBE-TCPP.4.2.0.pdsc: PDSC version is not supported
2025-10-28 07:39:37,069 [WARN] PackLoader:240 - Cannot read IP mode file for RealThread.X-CUBE-RT-Thread_Nano.4.1.1
2025-10-28 07:39:37,078 [WARN] PackLoader:240 - Cannot read IP mode file for STMicroelectronics.FP-ATR-SIGFOX1.3.2.0
2025-10-28 07:39:37,083 [WARN] PackLoader:240 - Cannot read IP mode file for ITTIA_DB.I-CUBE-ITTIADB.8.9.0
2025-10-28 07:39:37,086 [WARN] PackLoader:240 - Cannot read IP mode file for STMicroelectronics.X-CUBE-AI.10.2.0
2025-10-28 07:39:37,108 [WARN] PackLoader:240 - Cannot read IP mode file for SEGGER.I-CUBE-embOS.1.3.1
2025-10-28 07:39:37,140 [WARN] PackLoader:240 - Cannot read IP mode file for STMicroelectronics.X-CUBE-ALGOBUILD.1.4.0
2025-10-28 07:39:37,177 [WARN] PackLoader:240 - Cannot read IP mode file for STMicroelectronics.X-CUBE-MEMS1.11.3.0
2025-10-28 07:39:37,295 [WARN] PackLoader:240 - Cannot read IP mode file for STMicroelectronics.X-CUBE-PM33A1.1.0.0
2025-10-28 07:39:37,306 [WARN] PackLoader:240 - Cannot read IP mode file for STMicroelectronics.X-CUBE-AZRTOS-F4.1.1.0
2025-10-28 07:39:37,312 [WARN] PackLoader:240 - Cannot read IP mode file for STMicroelectronics.X-CUBE-ISPU.2.1.0
2025-10-28 07:39:37,316 [ERROR] Engine:466 - C:\Users\1735593\.stm32cubemx\thirdparties\pdsc\STMicroelectronics.X-CUBE-IPS.3.2.0.pdsc: PDSC version is not supported
2025-10-28 07:39:37,321 [WARN] PackLoader:240 - Cannot read IP mode file for STMicroelectronics.X-CUBE-NFC12.1.0.0
2025-10-28 07:39:37,334 [WARN] PackLoader:240 - Cannot read IP mode file for STMicroelectronics.X-CUBE-AZRTOS-L5.2.0.0
2025-10-28 07:39:37,341 [WARN] PackLoader:240 - Cannot read IP mode file for STMicroelectronics.X-CUBE-NFC6.3.1.0
2025-10-28 07:39:37,347 [WARN] PackLoader:240 - Cannot read IP mode file for STMicroelectronics.X-CUBE-FREERTOS.1.3.1
2025-10-28 07:39:37,352 [WARN] PackLoader:240 - Cannot read IP mode file for STMicroelectronics.X-CUBE-TOUCHGFX.4.26.0
2025-10-28 07:39:37,354 [ERROR] Engine:466 - C:\Users\1735593\.stm32cubemx\thirdparties\pdsc\STMicroelectronics.FP-SNS-STAIOTCFT.1.0.0.pdsc: PDSC version is not supported
2025-10-28 07:39:37,358 [WARN] PackLoader:240 - Cannot read IP mode file for STMicroelectronics.X-CUBE-DPower.1.3.0
2025-10-28 07:39:37,370 [WARN] ConditionMgr:438 - getConditionDescription Invalid condition id : LAN8742 Phy interface Condition cause : null
2025-10-28 07:39:37,372 [WARN] PackLoader:240 - Cannot read IP mode file for STMicroelectronics.X-CUBE-AZRTOS-L4.2.0.0
2025-10-28 07:39:37,373 [WARN] ConditionMgr:1039 - genDependencies : Invalid condition id : LAN8742 Phy interface Condition cause : null
2025-10-28 07:39:37,373 [WARN] ConditionMgr:1039 - genDependencies : Invalid condition id : LAN8742 Phy interface Condition cause : null
2025-10-28 07:39:37,374 [WARN] ConditionMgr:1039 - genDependencies : Invalid condition id : LAN8742 Phy interface Condition cause : null
2025-10-28 07:39:37,380 [WARN] PackLoader:240 - Cannot read IP mode file for STMicroelectronics.X-CUBE-SFXS2LP1.4.0.0
2025-10-28 07:39:37,384 [ERROR] Engine:466 - C:\Users\1735593\.stm32cubemx\thirdparties\pdsc\STMicroelectronics.X-CUBE-BLEMGR.4.1.0.pdsc: PDSC version is not supported
2025-10-28 07:39:37,401 [WARN] ConditionMgr:438 - getConditionDescription Invalid condition id : UX DEVICE CLASS RTOS Condition cause : null
2025-10-28 07:39:37,402 [WARN] ConditionMgr:438 - getConditionDescription Invalid condition id : UX DEVICE CLASS RTOS Condition cause : null
2025-10-28 07:39:37,403 [WARN] PackLoader:240 - Cannot read IP mode file for STMicroelectronics.X-CUBE-AZRTOS-WB.2.0.0
2025-10-28 07:39:37,404 [WARN] ConditionMgr:1039 - genDependencies : Invalid condition id : UX DEVICE CLASS RTOS Condition cause : null
2025-10-28 07:39:37,404 [WARN] ConditionMgr:1039 - genDependencies : Invalid condition id : UX DEVICE CLASS RTOS Condition cause : null
2025-10-28 07:39:37,404 [WARN] ConditionMgr:1039 - genDependencies : Invalid condition id : UX DEVICE CLASS RTOS Condition cause : null
2025-10-28 07:39:37,405 [WARN] ConditionMgr:1039 - genDependencies : Invalid condition id : UX DEVICE CLASS RTOS Condition cause : null
2025-10-28 07:39:37,405 [WARN] ConditionMgr:1039 - genDependencies : Invalid condition id : UX DEVICE CLASS RTOS Condition cause : null
2025-10-28 07:39:37,408 [WARN] PackLoader:240 - Cannot read IP mode file for STMicroelectronics.X-CUBE-GNSS1.7.0.1
2025-10-28 07:39:37,413 [WARN] ConditionMgr:438 - getConditionDescription Invalid condition id : Cortex-A Device cause : null
2025-10-28 07:39:37,433 [WARN] ConditionMgr:1039 - genDependencies : Invalid condition id : Cortex-A Device cause : null
2025-10-28 07:39:37,434 [WARN] ConditionMgr:1039 - genDependencies : Invalid condition id : Cortex-A Device cause : null
2025-10-28 07:39:37,434 [WARN] ConditionMgr:1039 - genDependencies : Invalid condition id : Cortex-A Device cause : null
2025-10-28 07:39:37,441 [WARN] PackLoader:240 - Cannot read IP mode file for STMicroelectronics.X-CUBE-SUBG2.5.0.0
2025-10-28 07:39:37,458 [WARN] PackLoader:240 - Cannot read IP mode file for STMicroelectronics.X-CUBE-AZRTOS-H7RS.1.1.0
2025-10-28 07:39:37,471 [WARN] PackLoader:240 - Cannot read IP mode file for STMicroelectronics.X-CUBE-AZRTOS-G4.2.0.0
2025-10-28 07:39:37,476 [WARN] PackLoader:240 - Cannot read IP mode file for wolfSSL.I-CUBE-wolfSSH.1.4.20
2025-10-28 07:39:37,480 [WARN] PackLoader:240 - Cannot read IP mode file for STMicroelectronics.X-CUBE-NFC7.2.0.0
2025-10-28 07:39:37,485 [WARN] PackLoader:240 - Cannot read IP mode file for STMicroelectronics.X-CUBE-ALS.1.0.2
2025-10-28 07:39:37,490 [WARN] PackLoader:240 - Cannot read IP mode file for STMicroelectronics.X-CUBE-STSE01.1.0.0
2025-10-28 07:39:37,496 [ERROR] Engine:466 - C:\Users\1735593\.stm32cubemx\thirdparties\pdsc\STMicroelectronics.X-CUBE-TOF1.3.4.3.pdsc: PDSC version is not supported
2025-10-28 07:39:37,497 [INFO] ThirdParty:978 - Integrity check success = true
2025-10-28 07:39:37,497 [INFO] IntegrityCheckThread:100 - exiting critical section [integrity check]
2025-10-28 07:39:37,497 [INFO] IntegrityCheckThread:103 - End integrity checks thread
2025-10-28 07:40:16,572 [ERROR] LogOutputStream:75 - [STDERR_REDIRECT] 
2025-10-28 07:40:16,574 [ERROR] LogOutputStream:75 - [STDERR_REDIRECT] 
